#
# There is insufficient memory for the Java Runtime Environment to continue.
# Native memory allocation (malloc) failed to allocate 2079536 bytes for Chunk::new
# Possible reasons:
#   The system is out of physical RAM or swap space
#   The process is running with CompressedOops enabled, and the Java Heap may be blocking the growth of the native heap
# Possible solutions:
#   Reduce memory load on the system
#   Increase physical memory or swap space
#   Check if swap backing store is full
#   Decrease Java heap size (-Xmx/-Xms)
#   Decrease number of Java threads
#   Decrease Java thread stack sizes (-Xss)
#   Set larger code cache with -XX:ReservedCodeCacheSize=
#   JVM is running with Unscaled Compressed Oops mode in which the Java heap is
#     placed in the first 4GB address space. The Java Heap base address is the
#     maximum limit for the native heap growth. Please use -XX:HeapBaseMinAddress
#     to set the Java Heap base and to place the Java Heap above 4GB virtual address.
# This output file may be truncated or incomplete.
#
#  Out of Memory Error (./src/hotspot/share/memory/arena.cpp:197), pid=12016, tid=3576
#
# JRE version: OpenJDK Runtime Environment (11.0.10) (build 11.0.10+0-b96-7249189)
# Java VM: OpenJDK 64-Bit Server VM (11.0.10+0-b96-7249189, mixed mode, tiered, compressed oops, g1 gc, windows-amd64)
# No core dump will be written. Minidumps are not enabled by default on client versions of Windows
#

---------------  S U M M A R Y ------------

Command Line: --add-opens=java.base/java.util=ALL-UNNAMED --add-opens=java.base/java.lang=ALL-UNNAMED --add-opens=java.base/java.lang.invoke=ALL-UNNAMED --add-opens=java.prefs/java.util.prefs=ALL-UNNAMED -Xmx2048m -Dfile.encoding=UTF-8 -Duser.country=IN -Duser.language=en -Duser.variant org.gradle.launcher.daemon.bootstrap.GradleDaemon 6.7.1

Host: Intel(R) Core(TM) i5-1035G1 CPU @ 1.00GHz, 8 cores, 7G,  Windows 10 , 64 bit Build 19041 (10.0.19041.1023)
Time: Thu Aug  5 16:05:35 2021 Eastern Daylight Time elapsed time: 4.231963 seconds (0d 0h 0m 4s)

---------------  T H R E A D  ---------------

Current thread (0x000001c2ffa3f000):  JavaThread "C2 CompilerThread0" daemon [_thread_in_native, id=3576, stack(0x000000c0e6200000,0x000000c0e6300000)]


Current CompileTask:
C2:   4232 2491       4       jdk.internal.loader.URLClassPath::getResource (74 bytes)

Stack: [0x000000c0e6200000,0x000000c0e6300000]
Native frames: (J=compiled Java code, j=interpreted, Vv=VM code, C=native code)
V  [jvm.dll+0x5ecfaa]
V  [jvm.dll+0x722bd5]
V  [jvm.dll+0x72412d]
V  [jvm.dll+0x7247e3]
V  [jvm.dll+0x242928]
V  [jvm.dll+0xbc4fc]
V  [jvm.dll+0xbca0c]
V  [jvm.dll+0x352d7d]
V  [jvm.dll+0x19800c]
V  [jvm.dll+0x1fb70e]
V  [jvm.dll+0x1fa7f4]
V  [jvm.dll+0x18354c]
V  [jvm.dll+0x208ee7]
V  [jvm.dll+0x207731]
V  [jvm.dll+0x6eb1cf]
V  [jvm.dll+0x6e3d45]
V  [jvm.dll+0x5ebe96]
C  [ucrtbase.dll+0x21bb2]
C  [KERNEL32.DLL+0x17034]
C  [ntdll.dll+0x52651]


---------------  P R O C E S S  ---------------

Threads class SMR info:
_java_thread_list=0x000001c28848f100, length=30, elements={
0x000001c2e8dcb800, 0x000001c2ffa22000, 0x000001c2ffa25800, 0x000001c2ffa36800,
0x000001c2ffa39000, 0x000001c2ffa3c000, 0x000001c2ffa3f000, 0x000001c2ffa4d000,
0x000001c2ffa54000, 0x000001c2ffa4e800, 0x000001c2ffa53800, 0x000001c2ffa55000,
0x000001c2ffa4f000, 0x000001c2ffa52800, 0x000001c2ffa50000, 0x000001c2ffa51000,
0x000001c2ffa51800, 0x000001c2868cb000, 0x000001c2868c6800, 0x000001c2868c7800,
0x000001c2868ca000, 0x000001c2868c8800, 0x000001c2868c9000, 0x000001c28692a000,
0x000001c2868c5000, 0x000001c2868cb800, 0x000001c2868c6000, 0x000001c2868cc800,
0x000001c2868d1800, 0x000001c2868cf000
}

Java Threads: ( => current thread )
  0x000001c2e8dcb800 JavaThread "main" [_thread_blocked, id=20452, stack(0x000000c0e5600000,0x000000c0e5700000)]
  0x000001c2ffa22000 JavaThread "Reference Handler" daemon [_thread_blocked, id=23752, stack(0x000000c0e5d00000,0x000000c0e5e00000)]
  0x000001c2ffa25800 JavaThread "Finalizer" daemon [_thread_blocked, id=8956, stack(0x000000c0e5e00000,0x000000c0e5f00000)]
  0x000001c2ffa36800 JavaThread "Signal Dispatcher" daemon [_thread_blocked, id=36800, stack(0x000000c0e5f00000,0x000000c0e6000000)]
  0x000001c2ffa39000 JavaThread "Attach Listener" daemon [_thread_blocked, id=32372, stack(0x000000c0e6000000,0x000000c0e6100000)]
  0x000001c2ffa3c000 JavaThread "Service Thread" daemon [_thread_blocked, id=16932, stack(0x000000c0e6100000,0x000000c0e6200000)]
=>0x000001c2ffa3f000 JavaThread "C2 CompilerThread0" daemon [_thread_in_native, id=3576, stack(0x000000c0e6200000,0x000000c0e6300000)]
  0x000001c2ffa4d000 JavaThread "C1 CompilerThread0" daemon [_thread_in_native, id=14008, stack(0x000000c0e6300000,0x000000c0e6400000)]
  0x000001c2ffa54000 JavaThread "Sweeper thread" daemon [_thread_blocked, id=27392, stack(0x000000c0e6400000,0x000000c0e6500000)]
  0x000001c2ffa4e800 JavaThread "Common-Cleaner" daemon [_thread_blocked, id=32032, stack(0x000000c0e6500000,0x000000c0e6600000)]
  0x000001c2ffa53800 JavaThread "Daemon health stats" [_thread_blocked, id=2956, stack(0x000000c0e6b00000,0x000000c0e6c00000)]
  0x000001c2ffa55000 JavaThread "Incoming local TCP Connector on port 59529" [_thread_in_native, id=28648, stack(0x000000c0e6c00000,0x000000c0e6d00000)]
  0x000001c2ffa4f000 JavaThread "Daemon periodic checks" [_thread_blocked, id=2340, stack(0x000000c0e6d00000,0x000000c0e6e00000)]
  0x000001c2ffa52800 JavaThread "Daemon" [_thread_blocked, id=4824, stack(0x000000c0e6e00000,0x000000c0e6f00000)]
  0x000001c2ffa50000 JavaThread "Handler for socket connection from /127.0.0.1:59529 to /127.0.0.1:59530" [_thread_in_native, id=21748, stack(0x000000c0e6f00000,0x000000c0e7000000)]
  0x000001c2ffa51000 JavaThread "Cancel handler" [_thread_blocked, id=19316, stack(0x000000c0e7000000,0x000000c0e7100000)]
  0x000001c2ffa51800 JavaThread "Daemon worker" [_thread_in_Java, id=2364, stack(0x000000c0e7100000,0x000000c0e7200000)]
  0x000001c2868cb000 JavaThread "Asynchronous log dispatcher for DefaultDaemonConnection: socket connection from /127.0.0.1:59529 to /127.0.0.1:59530" [_thread_blocked, id=27960, stack(0x000000c0e7200000,0x000000c0e7300000)]
  0x000001c2868c6800 JavaThread "Stdin handler" [_thread_blocked, id=924, stack(0x000000c0e7300000,0x000000c0e7400000)]
  0x000001c2868c7800 JavaThread "Thread-8" [_thread_blocked, id=16284, stack(0x000000c0e7400000,0x000000c0e7500000)]
  0x000001c2868ca000 JavaThread "Cache worker for file hash cache (C:\Users\Amodh\.gradle\caches\6.7.1\fileHashes)" [_thread_blocked, id=17288, stack(0x000000c0e7a00000,0x000000c0e7b00000)]
  0x000001c2868c8800 JavaThread "File lock request listener" [_thread_in_native, id=24516, stack(0x000000c0e7b00000,0x000000c0e7c00000)]
  0x000001c2868c9000 JavaThread "Cache worker for journal cache (C:\Users\Amodh\.gradle\caches\journal-1)" [_thread_blocked, id=36476, stack(0x000000c0e7d00000,0x000000c0e7e00000)]
  0x000001c28692a000 JavaThread "C2 CompilerThread1" daemon [_thread_in_native, id=4848, stack(0x000000c0e7e00000,0x000000c0e7f00000)]
  0x000001c2868c5000 JavaThread "Cache worker for file hash cache (C:\Users\Amodh\AndroidStudioProjects\Hospital-Booking-System\.gradle\6.7.1\fileHashes)" [_thread_blocked, id=15032, stack(0x000000c0e7f00000,0x000000c0e8000000)]
  0x000001c2868cb800 JavaThread "Cache worker for checksums cache (C:\Users\Amodh\AndroidStudioProjects\Hospital-Booking-System\.gradle\checksums)" [_thread_blocked, id=17192, stack(0x000000c0e8000000,0x000000c0e8100000)]
  0x000001c2868c6000 JavaThread "Cache worker for cache directory md-supplier (C:\Users\Amodh\.gradle\caches\6.7.1\md-supplier)" [_thread_blocked, id=18664, stack(0x000000c0e8100000,0x000000c0e8200000)]
  0x000001c2868cc800 JavaThread "Cache worker for cache directory md-rule (C:\Users\Amodh\.gradle\caches\6.7.1\md-rule)" [_thread_blocked, id=18344, stack(0x000000c0e8200000,0x000000c0e8300000)]
  0x000001c2868d1800 JavaThread "Cache worker for execution history cache (C:\Users\Amodh\.gradle\caches\6.7.1\executionHistory)" [_thread_blocked, id=3608, stack(0x000000c0e8300000,0x000000c0e8400000)]
  0x000001c2868cf000 JavaThread "jar transforms" [_thread_blocked, id=1992, stack(0x000000c0e8400000,0x000000c0e8500000)]

Other Threads:
  0x000001c2ffa1f000 VMThread "VM Thread" [stack: 0x000000c0e5c00000,0x000000c0e5d00000] [id=32336]
  0x000001c2ffd81000 WatcherThread [stack: 0x000000c0e6600000,0x000000c0e6700000] [id=7252]
  0x000001c2e8de2800 GCTaskThread "GC Thread#0" [stack: 0x000000c0e5700000,0x000000c0e5800000] [id=4608]
  0x000001c284ff9000 GCTaskThread "GC Thread#1" [stack: 0x000000c0e6800000,0x000000c0e6900000] [id=36516]
  0x000001c284f35000 GCTaskThread "GC Thread#2" [stack: 0x000000c0e6900000,0x000000c0e6a00000] [id=36016]
  0x000001c286455000 GCTaskThread "GC Thread#3" [stack: 0x000000c0e7500000,0x000000c0e7600000] [id=30184]
  0x000001c2865b3800 GCTaskThread "GC Thread#4" [stack: 0x000000c0e7600000,0x000000c0e7700000] [id=31488]
  0x000001c285e99800 GCTaskThread "GC Thread#5" [stack: 0x000000c0e7700000,0x000000c0e7800000] [id=23004]
  0x000001c2863fc000 GCTaskThread "GC Thread#6" [stack: 0x000000c0e7800000,0x000000c0e7900000] [id=15816]
  0x000001c285c42000 GCTaskThread "GC Thread#7" [stack: 0x000000c0e7900000,0x000000c0e7a00000] [id=20468]
  0x000001c2e8e14800 ConcurrentGCThread "G1 Main Marker" [stack: 0x000000c0e5800000,0x000000c0e5900000] [id=3784]
  0x000001c2e8e17000 ConcurrentGCThread "G1 Conc#0" [stack: 0x000000c0e5900000,0x000000c0e5a00000] [id=29344]
  0x000001c286111000 ConcurrentGCThread "G1 Conc#1" [stack: 0x000000c0e7c00000,0x000000c0e7d00000] [id=8156]
  0x000001c2ff870800 ConcurrentGCThread "G1 Refine#0" [stack: 0x000000c0e5a00000,0x000000c0e5b00000] [id=14684]
  0x000001c2ff871800 ConcurrentGCThread "G1 Young RemSet Sampling" [stack: 0x000000c0e5b00000,0x000000c0e5c00000] [id=27880]

Threads with active compile tasks:
C2 CompilerThread0   4279 2491       4       jdk.internal.loader.URLClassPath::getResource (74 bytes)
C1 CompilerThread0   4279 2754       3       groovy.lang.MetaClassImpl::makeReplacementMetaProperty (241 bytes)
C2 CompilerThread1   4279 2714       4       java.lang.AbstractStringBuilder::append (55 bytes)

VM state:not at safepoint (normal execution)

VM Mutex/Monitor currently owned by a thread: None

Heap address: 0x0000000080000000, size: 2048 MB, Compressed Oops mode: 32-bit
Narrow klass base: 0x0000000000000000, Narrow klass shift: 3
Compressed class space size: 1073741824 Address: 0x0000000100000000

Heap:
 garbage-first heap   total 129024K, used 66114K [0x0000000080000000, 0x0000000100000000)
  region size 1024K, 51 young (52224K), 3 survivors (3072K)
 Metaspace       used 35161K, capacity 35828K, committed 35840K, reserved 1081344K
  class space    used 4577K, capacity 4859K, committed 4864K, reserved 1048576K
Heap Regions: E=young(eden), S=young(survivor), O=old, HS=humongous(starts), HC=humongous(continues), CS=collection set, F=free, A=archive, TAMS=top-at-mark-start (previous, next)
|   0|0x0000000080000000, 0x0000000080100000, 0x0000000080100000|100%| O|  |TAMS 0x0000000080100000, 0x0000000080000000| Untracked 
|   1|0x0000000080100000, 0x0000000080200000, 0x0000000080200000|100%| O|  |TAMS 0x0000000080200000, 0x0000000080100000| Untracked 
|   2|0x0000000080200000, 0x0000000080300000, 0x0000000080300000|100%| O|  |TAMS 0x0000000080300000, 0x0000000080200000| Untracked 
|   3|0x0000000080300000, 0x0000000080400000, 0x0000000080400000|100%|HS|  |TAMS 0x0000000080400000, 0x0000000080300000| Complete 
|   4|0x0000000080400000, 0x0000000080500000, 0x0000000080500000|100%|HC|  |TAMS 0x0000000080500000, 0x0000000080400000| Complete 
|   5|0x0000000080500000, 0x0000000080600000, 0x0000000080600000|100%|HC|  |TAMS 0x0000000080600000, 0x0000000080500000| Complete 
|   6|0x0000000080600000, 0x0000000080700000, 0x0000000080700000|100%| O|  |TAMS 0x0000000080700000, 0x0000000080600000| Untracked 
|   7|0x0000000080700000, 0x0000000080800000, 0x0000000080800000|100%| O|  |TAMS 0x0000000080800000, 0x0000000080700000| Untracked 
|   8|0x0000000080800000, 0x0000000080900000, 0x0000000080900000|100%| O|  |TAMS 0x0000000080900000, 0x0000000080800000| Untracked 
|   9|0x0000000080900000, 0x0000000080a00000, 0x0000000080a00000|100%| O|  |TAMS 0x0000000080a00000, 0x0000000080900000| Untracked 
|  10|0x0000000080a00000, 0x0000000080b00000, 0x0000000080b00000|100%| O|  |TAMS 0x0000000080b00000, 0x0000000080a00000| Untracked 
|  11|0x0000000080b00000, 0x0000000080c00000, 0x0000000080c00000|100%| O|  |TAMS 0x0000000080c00000, 0x0000000080b00000| Untracked 
|  12|0x0000000080c00000, 0x0000000080d00000, 0x0000000080d00000|100%| O|  |TAMS 0x0000000080d00000, 0x0000000080c00000| Untracked 
|  13|0x0000000080d00000, 0x0000000080e00000, 0x0000000080e00000|100%| O|  |TAMS 0x0000000080e00000, 0x0000000080d00000| Untracked 
|  14|0x0000000080e00000, 0x0000000080f00000, 0x0000000080f00000|100%| O|  |TAMS 0x0000000080f00000, 0x0000000080e00000| Untracked 
|  15|0x0000000080f00000, 0x0000000080f08600, 0x0000000081000000|  3%| O|  |TAMS 0x0000000080f08600, 0x0000000080f00000| Untracked 
|  16|0x0000000081000000, 0x0000000081000000, 0x0000000081100000|  0%| F|  |TAMS 0x0000000081000000, 0x0000000081000000| Untracked 
|  17|0x0000000081100000, 0x0000000081100000, 0x0000000081200000|  0%| F|  |TAMS 0x0000000081100000, 0x0000000081100000| Untracked 
|  18|0x0000000081200000, 0x0000000081200000, 0x0000000081300000|  0%| F|  |TAMS 0x0000000081200000, 0x0000000081200000| Untracked 
|  19|0x0000000081300000, 0x0000000081300000, 0x0000000081400000|  0%| F|  |TAMS 0x0000000081300000, 0x0000000081300000| Untracked 
|  20|0x0000000081400000, 0x0000000081400000, 0x0000000081500000|  0%| F|  |TAMS 0x0000000081400000, 0x0000000081400000| Untracked 
|  21|0x0000000081500000, 0x0000000081500000, 0x0000000081600000|  0%| F|  |TAMS 0x0000000081500000, 0x0000000081500000| Untracked 
|  22|0x0000000081600000, 0x0000000081600000, 0x0000000081700000|  0%| F|  |TAMS 0x0000000081600000, 0x0000000081600000| Untracked 
|  23|0x0000000081700000, 0x0000000081700000, 0x0000000081800000|  0%| F|  |TAMS 0x0000000081700000, 0x0000000081700000| Untracked 
|  24|0x0000000081800000, 0x0000000081800000, 0x0000000081900000|  0%| F|  |TAMS 0x0000000081800000, 0x0000000081800000| Untracked 
|  25|0x0000000081900000, 0x0000000081900000, 0x0000000081a00000|  0%| F|  |TAMS 0x0000000081900000, 0x0000000081900000| Untracked 
|  26|0x0000000081a00000, 0x0000000081a00000, 0x0000000081b00000|  0%| F|  |TAMS 0x0000000081a00000, 0x0000000081a00000| Untracked 
|  27|0x0000000081b00000, 0x0000000081b00000, 0x0000000081c00000|  0%| F|  |TAMS 0x0000000081b00000, 0x0000000081b00000| Untracked 
|  28|0x0000000081c00000, 0x0000000081c00000, 0x0000000081d00000|  0%| F|  |TAMS 0x0000000081c00000, 0x0000000081c00000| Untracked 
|  29|0x0000000081d00000, 0x0000000081d00000, 0x0000000081e00000|  0%| F|  |TAMS 0x0000000081d00000, 0x0000000081d00000| Untracked 
|  30|0x0000000081e00000, 0x0000000081e00000, 0x0000000081f00000|  0%| F|  |TAMS 0x0000000081e00000, 0x0000000081e00000| Untracked 
|  31|0x0000000081f00000, 0x0000000081f00000, 0x0000000082000000|  0%| F|  |TAMS 0x0000000081f00000, 0x0000000081f00000| Untracked 
|  32|0x0000000082000000, 0x0000000082000000, 0x0000000082100000|  0%| F|  |TAMS 0x0000000082000000, 0x0000000082000000| Untracked 
|  33|0x0000000082100000, 0x0000000082100000, 0x0000000082200000|  0%| F|  |TAMS 0x0000000082100000, 0x0000000082100000| Untracked 
|  34|0x0000000082200000, 0x0000000082200000, 0x0000000082300000|  0%| F|  |TAMS 0x0000000082200000, 0x0000000082200000| Untracked 
|  35|0x0000000082300000, 0x0000000082300000, 0x0000000082400000|  0%| F|  |TAMS 0x0000000082300000, 0x0000000082300000| Untracked 
|  36|0x0000000082400000, 0x0000000082400000, 0x0000000082500000|  0%| F|  |TAMS 0x0000000082400000, 0x0000000082400000| Untracked 
|  37|0x0000000082500000, 0x0000000082500000, 0x0000000082600000|  0%| F|  |TAMS 0x0000000082500000, 0x0000000082500000| Untracked 
|  38|0x0000000082600000, 0x0000000082600000, 0x0000000082700000|  0%| F|  |TAMS 0x0000000082600000, 0x0000000082600000| Untracked 
|  39|0x0000000082700000, 0x0000000082700000, 0x0000000082800000|  0%| F|  |TAMS 0x0000000082700000, 0x0000000082700000| Untracked 
|  40|0x0000000082800000, 0x0000000082800000, 0x0000000082900000|  0%| F|  |TAMS 0x0000000082800000, 0x0000000082800000| Untracked 
|  41|0x0000000082900000, 0x0000000082900000, 0x0000000082a00000|  0%| F|  |TAMS 0x0000000082900000, 0x0000000082900000| Untracked 
|  42|0x0000000082a00000, 0x0000000082a00000, 0x0000000082b00000|  0%| F|  |TAMS 0x0000000082a00000, 0x0000000082a00000| Untracked 
|  43|0x0000000082b00000, 0x0000000082b00000, 0x0000000082c00000|  0%| F|  |TAMS 0x0000000082b00000, 0x0000000082b00000| Untracked 
|  44|0x0000000082c00000, 0x0000000082c00000, 0x0000000082d00000|  0%| F|  |TAMS 0x0000000082c00000, 0x0000000082c00000| Untracked 
|  45|0x0000000082d00000, 0x0000000082d00000, 0x0000000082e00000|  0%| F|  |TAMS 0x0000000082d00000, 0x0000000082d00000| Untracked 
|  46|0x0000000082e00000, 0x0000000082e00000, 0x0000000082f00000|  0%| F|  |TAMS 0x0000000082e00000, 0x0000000082e00000| Untracked 
|  47|0x0000000082f00000, 0x0000000082f00000, 0x0000000083000000|  0%| F|  |TAMS 0x0000000082f00000, 0x0000000082f00000| Untracked 
|  48|0x0000000083000000, 0x0000000083000000, 0x0000000083100000|  0%| F|  |TAMS 0x0000000083000000, 0x0000000083000000| Untracked 
|  49|0x0000000083100000, 0x0000000083100000, 0x0000000083200000|  0%| F|  |TAMS 0x0000000083100000, 0x0000000083100000| Untracked 
|  50|0x0000000083200000, 0x0000000083200000, 0x0000000083300000|  0%| F|  |TAMS 0x0000000083200000, 0x0000000083200000| Untracked 
|  51|0x0000000083300000, 0x0000000083300000, 0x0000000083400000|  0%| F|  |TAMS 0x0000000083300000, 0x0000000083300000| Untracked 
|  52|0x0000000083400000, 0x0000000083400000, 0x0000000083500000|  0%| F|  |TAMS 0x0000000083400000, 0x0000000083400000| Untracked 
|  53|0x0000000083500000, 0x0000000083500000, 0x0000000083600000|  0%| F|  |TAMS 0x0000000083500000, 0x0000000083500000| Untracked 
|  54|0x0000000083600000, 0x0000000083600000, 0x0000000083700000|  0%| F|  |TAMS 0x0000000083600000, 0x0000000083600000| Untracked 
|  55|0x0000000083700000, 0x0000000083700000, 0x0000000083800000|  0%| F|  |TAMS 0x0000000083700000, 0x0000000083700000| Untracked 
|  56|0x0000000083800000, 0x0000000083800000, 0x0000000083900000|  0%| F|  |TAMS 0x0000000083800000, 0x0000000083800000| Untracked 
|  57|0x0000000083900000, 0x0000000083900000, 0x0000000083a00000|  0%| F|  |TAMS 0x0000000083900000, 0x0000000083900000| Untracked 
|  58|0x0000000083a00000, 0x0000000083a00000, 0x0000000083b00000|  0%| F|  |TAMS 0x0000000083a00000, 0x0000000083a00000| Untracked 
|  59|0x0000000083b00000, 0x0000000083b00000, 0x0000000083c00000|  0%| F|  |TAMS 0x0000000083b00000, 0x0000000083b00000| Untracked 
|  60|0x0000000083c00000, 0x0000000083c00000, 0x0000000083d00000|  0%| F|  |TAMS 0x0000000083c00000, 0x0000000083c00000| Untracked 
|  61|0x0000000083d00000, 0x0000000083d00000, 0x0000000083e00000|  0%| F|  |TAMS 0x0000000083d00000, 0x0000000083d00000| Untracked 
|  62|0x0000000083e00000, 0x0000000083e00000, 0x0000000083f00000|  0%| F|  |TAMS 0x0000000083e00000, 0x0000000083e00000| Untracked 
|  63|0x0000000083f00000, 0x0000000083f00000, 0x0000000084000000|  0%| F|  |TAMS 0x0000000083f00000, 0x0000000083f00000| Untracked 
|  64|0x0000000084000000, 0x0000000084000000, 0x0000000084100000|  0%| F|  |TAMS 0x0000000084000000, 0x0000000084000000| Untracked 
|  65|0x0000000084100000, 0x0000000084100000, 0x0000000084200000|  0%| F|  |TAMS 0x0000000084100000, 0x0000000084100000| Untracked 
|  66|0x0000000084200000, 0x0000000084200000, 0x0000000084300000|  0%| F|  |TAMS 0x0000000084200000, 0x0000000084200000| Untracked 
|  67|0x0000000084300000, 0x0000000084300000, 0x0000000084400000|  0%| F|  |TAMS 0x0000000084300000, 0x0000000084300000| Untracked 
|  68|0x0000000084400000, 0x0000000084400000, 0x0000000084500000|  0%| F|  |TAMS 0x0000000084400000, 0x0000000084400000| Untracked 
|  69|0x0000000084500000, 0x0000000084500000, 0x0000000084600000|  0%| F|  |TAMS 0x0000000084500000, 0x0000000084500000| Untracked 
|  70|0x0000000084600000, 0x0000000084600000, 0x0000000084700000|  0%| F|  |TAMS 0x0000000084600000, 0x0000000084600000| Untracked 
|  71|0x0000000084700000, 0x0000000084788368, 0x0000000084800000| 53%| E|CS|TAMS 0x0000000084700000, 0x0000000084788368| Complete 
|  72|0x0000000084800000, 0x0000000084900000, 0x0000000084900000|100%| E|CS|TAMS 0x0000000084800000, 0x0000000084900000| Complete 
|  73|0x0000000084900000, 0x0000000084a00000, 0x0000000084a00000|100%| E|CS|TAMS 0x0000000084900000, 0x0000000084a00000| Complete 
|  74|0x0000000084a00000, 0x0000000084a00000, 0x0000000084b00000|  0%| F|  |TAMS 0x0000000084a00000, 0x0000000084a00000| Untracked 
|  75|0x0000000084b00000, 0x0000000084b00000, 0x0000000084c00000|  0%| F|  |TAMS 0x0000000084b00000, 0x0000000084b00000| Untracked 
|  76|0x0000000084c00000, 0x0000000084cec598, 0x0000000084d00000| 92%| S|  |TAMS 0x0000000084c00000, 0x0000000084c00000| Complete 
|  77|0x0000000084d00000, 0x0000000084e00000, 0x0000000084e00000|100%| S|  |TAMS 0x0000000084d00000, 0x0000000084d00000| Complete 
|  78|0x0000000084e00000, 0x0000000084e80800, 0x0000000084f00000| 50%| E|CS|TAMS 0x0000000084e00000, 0x0000000084e80800| Complete 
|  79|0x0000000084f00000, 0x0000000085000000, 0x0000000085000000|100%| E|CS|TAMS 0x0000000084f00000, 0x0000000085000000| Complete 
|  80|0x0000000085000000, 0x0000000085100000, 0x0000000085100000|100%| E|CS|TAMS 0x0000000085000000, 0x0000000085100000| Complete 
|  81|0x0000000085100000, 0x0000000085200000, 0x0000000085200000|100%| E|CS|TAMS 0x0000000085100000, 0x0000000085200000| Complete 
|  82|0x0000000085200000, 0x0000000085300000, 0x0000000085300000|100%| E|CS|TAMS 0x0000000085200000, 0x0000000085300000| Complete 
|  83|0x0000000085300000, 0x0000000085400000, 0x0000000085400000|100%| E|CS|TAMS 0x0000000085300000, 0x0000000085400000| Complete 
|  84|0x0000000085400000, 0x0000000085500000, 0x0000000085500000|100%| E|CS|TAMS 0x0000000085400000, 0x0000000085500000| Complete 
|  85|0x0000000085500000, 0x0000000085600000, 0x0000000085600000|100%| E|CS|TAMS 0x0000000085500000, 0x0000000085600000| Complete 
|  86|0x0000000085600000, 0x0000000085700000, 0x0000000085700000|100%| E|CS|TAMS 0x0000000085600000, 0x0000000085700000| Complete 
|  87|0x0000000085700000, 0x0000000085800000, 0x0000000085800000|100%| E|CS|TAMS 0x0000000085700000, 0x0000000085800000| Complete 
|  88|0x0000000085800000, 0x0000000085900000, 0x0000000085900000|100%| E|CS|TAMS 0x0000000085800000, 0x0000000085900000| Complete 
|  89|0x0000000085900000, 0x0000000085a00000, 0x0000000085a00000|100%| E|CS|TAMS 0x0000000085900000, 0x0000000085a00000| Complete 
|  90|0x0000000085a00000, 0x0000000085b00000, 0x0000000085b00000|100%| E|CS|TAMS 0x0000000085a00000, 0x0000000085b00000| Complete 
|  91|0x0000000085b00000, 0x0000000085c00000, 0x0000000085c00000|100%| E|CS|TAMS 0x0000000085b00000, 0x0000000085c00000| Complete 
|  92|0x0000000085c00000, 0x0000000085d00000, 0x0000000085d00000|100%| E|CS|TAMS 0x0000000085c00000, 0x0000000085d00000| Complete 
|  93|0x0000000085d00000, 0x0000000085e00000, 0x0000000085e00000|100%| E|CS|TAMS 0x0000000085d00000, 0x0000000085e00000| Complete 
|  94|0x0000000085e00000, 0x0000000085f00000, 0x0000000085f00000|100%| E|CS|TAMS 0x0000000085e00000, 0x0000000085f00000| Complete 
|  95|0x0000000085f00000, 0x0000000086000000, 0x0000000086000000|100%| E|CS|TAMS 0x0000000085f00000, 0x0000000086000000| Complete 
|  96|0x0000000086000000, 0x0000000086100000, 0x0000000086100000|100%| E|CS|TAMS 0x0000000086000000, 0x0000000086100000| Complete 
|  97|0x0000000086100000, 0x0000000086200000, 0x0000000086200000|100%| E|CS|TAMS 0x0000000086100000, 0x0000000086200000| Complete 
|  98|0x0000000086200000, 0x0000000086300000, 0x0000000086300000|100%| E|CS|TAMS 0x0000000086200000, 0x0000000086300000| Complete 
|  99|0x0000000086300000, 0x0000000086400000, 0x0000000086400000|100%| E|CS|TAMS 0x0000000086300000, 0x0000000086400000| Complete 
| 100|0x0000000086400000, 0x0000000086500000, 0x0000000086500000|100%| E|CS|TAMS 0x0000000086400000, 0x0000000086500000| Complete 
| 101|0x0000000086500000, 0x0000000086600000, 0x0000000086600000|100%| E|CS|TAMS 0x0000000086500000, 0x0000000086600000| Complete 
| 102|0x0000000086600000, 0x0000000086700000, 0x0000000086700000|100%| E|CS|TAMS 0x0000000086600000, 0x0000000086700000| Complete 
| 103|0x0000000086700000, 0x0000000086800000, 0x0000000086800000|100%| E|CS|TAMS 0x0000000086700000, 0x0000000086800000| Complete 
| 104|0x0000000086800000, 0x0000000086900000, 0x0000000086900000|100%| E|CS|TAMS 0x0000000086800000, 0x0000000086900000| Complete 
| 105|0x0000000086900000, 0x0000000086a00000, 0x0000000086a00000|100%| E|CS|TAMS 0x0000000086900000, 0x0000000086a00000| Complete 
| 106|0x0000000086a00000, 0x0000000086b00000, 0x0000000086b00000|100%| E|CS|TAMS 0x0000000086a00000, 0x0000000086b00000| Complete 
| 107|0x0000000086b00000, 0x0000000086c00000, 0x0000000086c00000|100%| E|CS|TAMS 0x0000000086b00000, 0x0000000086c00000| Complete 
| 108|0x0000000086c00000, 0x0000000086d00000, 0x0000000086d00000|100%| E|CS|TAMS 0x0000000086c00000, 0x0000000086d00000| Complete 
| 109|0x0000000086d00000, 0x0000000086e00000, 0x0000000086e00000|100%| E|CS|TAMS 0x0000000086d00000, 0x0000000086e00000| Complete 
| 110|0x0000000086e00000, 0x0000000086f00000, 0x0000000086f00000|100%| E|CS|TAMS 0x0000000086e00000, 0x0000000086f00000| Complete 
| 111|0x0000000086f00000, 0x0000000087000000, 0x0000000087000000|100%| E|CS|TAMS 0x0000000086f00000, 0x0000000087000000| Complete 
| 112|0x0000000087000000, 0x0000000087100000, 0x0000000087100000|100%| E|CS|TAMS 0x0000000087000000, 0x0000000087100000| Complete 
| 113|0x0000000087100000, 0x0000000087200000, 0x0000000087200000|100%| E|CS|TAMS 0x0000000087100000, 0x0000000087200000| Complete 
| 114|0x0000000087200000, 0x0000000087300000, 0x0000000087300000|100%| E|CS|TAMS 0x0000000087200000, 0x0000000087300000| Complete 
| 115|0x0000000087300000, 0x0000000087400000, 0x0000000087400000|100%| E|CS|TAMS 0x0000000087300000, 0x0000000087400000| Complete 
| 116|0x0000000087400000, 0x0000000087500000, 0x0000000087500000|100%| E|CS|TAMS 0x0000000087400000, 0x0000000087500000| Complete 
| 117|0x0000000087500000, 0x0000000087600000, 0x0000000087600000|100%| E|CS|TAMS 0x0000000087500000, 0x0000000087600000| Complete 
| 118|0x0000000087600000, 0x0000000087700000, 0x0000000087700000|100%| E|CS|TAMS 0x0000000087600000, 0x0000000087700000| Complete 
| 119|0x0000000087700000, 0x0000000087800000, 0x0000000087800000|100%| E|CS|TAMS 0x0000000087700000, 0x0000000087800000| Complete 
| 120|0x0000000087800000, 0x0000000087900000, 0x0000000087900000|100%| E|CS|TAMS 0x0000000087800000, 0x0000000087900000| Complete 
| 121|0x0000000087900000, 0x0000000087a00000, 0x0000000087a00000|100%| E|CS|TAMS 0x0000000087900000, 0x0000000087a00000| Complete 
| 122|0x0000000087a00000, 0x0000000087b00000, 0x0000000087b00000|100%| E|CS|TAMS 0x0000000087a00000, 0x0000000087b00000| Complete 
| 123|0x0000000087b00000, 0x0000000087c00000, 0x0000000087c00000|100%| E|CS|TAMS 0x0000000087b00000, 0x0000000087c00000| Complete 
| 124|0x0000000087c00000, 0x0000000087d00000, 0x0000000087d00000|100%| E|CS|TAMS 0x0000000087c00000, 0x0000000087d00000| Complete 
| 125|0x0000000087d00000, 0x0000000087e00000, 0x0000000087e00000|100%| E|CS|TAMS 0x0000000087d00000, 0x0000000087e00000| Complete 

Card table byte_map: [0x000001c2fc740000,0x000001c2fcb40000] _byte_map_base: 0x000001c2fc340000

Marking Bits (Prev, Next): (CMBitMap*) 0x000001c2e8e0bbd0, (CMBitMap*) 0x000001c2e8e0bb98
 Prev Bits: [0x000001c280000000, 0x000001c282000000)
 Next Bits: [0x000001c2fcf40000, 0x000001c2fef40000)

Polling page: 0x000001c2e74f0000

Metaspace:

Usage:
  Non-class:     30.24 MB capacity,    29.87 MB ( 99%) used,   316.07 KB (  1%) free+waste,    65.63 KB ( <1%) overhead. 
      Class:      4.75 MB capacity,     4.47 MB ( 94%) used,   248.38 KB (  5%) free+waste,    32.13 KB ( <1%) overhead. 
       Both:     34.99 MB capacity,    34.34 MB ( 98%) used,   564.45 KB (  2%) free+waste,    97.75 KB ( <1%) overhead. 

Virtual space:
  Non-class space:       32.00 MB reserved,      30.25 MB ( 95%) committed 
      Class space:        1.00 GB reserved,       4.75 MB ( <1%) committed 
             Both:        1.03 GB reserved,      35.00 MB (  3%) committed 

Chunk freelists:
   Non-Class:  7.00 KB
       Class:  5.00 KB
        Both:  12.00 KB

MaxMetaspaceSize: 17179869184.00 GB
CompressedClassSpaceSize: 1.00 GB

CodeHeap 'non-profiled nmethods': size=120000Kb used=1344Kb max_used=1344Kb free=118655Kb
 bounds [0x000001c2f4390000, 0x000001c2f4600000, 0x000001c2fb8c0000]
CodeHeap 'profiled nmethods': size=120000Kb used=5837Kb max_used=5837Kb free=114162Kb
 bounds [0x000001c2ece60000, 0x000001c2ed420000, 0x000001c2f4390000]
CodeHeap 'non-nmethods': size=5760Kb used=1174Kb max_used=1201Kb free=4585Kb
 bounds [0x000001c2ec8c0000, 0x000001c2ecb30000, 0x000001c2ece60000]
 total_blobs=3256 nmethods=2751 adapters=416
 compilation: enabled
              stopped_count=0, restarted_count=0
 full_count=0

Compilation events (20 events):
Event: 4.200 Thread 0x000001c2ffa4d000 nmethod 2695 0x000001c2ed3ebf10 code [0x000001c2ed3ec0c0, 0x000001c2ed3ec1d8]
Event: 4.200 Thread 0x000001c2ffa4d000 2696       1       org.gradle.internal.instantiation.generator.AbstractClassGenerator$PropertyMetadata::access$500 (5 bytes)
Event: 4.200 Thread 0x000001c2ffa4d000 nmethod 2696 0x000001c2f44dcc10 code [0x000001c2f44dcdc0, 0x000001c2f44dce58]
Event: 4.215 Thread 0x000001c2ffa4d000 2697       3       org.codehaus.groovy.runtime.metaclass.MetaMethodIndex::copyNonPrivateMethods (149 bytes)
Event: 4.216 Thread 0x000001c2ffa4d000 nmethod 2697 0x000001c2ed3ec290 code [0x000001c2ed3ec520, 0x000001c2ed3ed198]
Event: 4.216 Thread 0x000001c2ffa4d000 2698       3       org.codehaus.groovy.runtime.metaclass.MetaMethodIndex::copyNonPrivateNonNewMetaMethods (171 bytes)
Event: 4.217 Thread 0x000001c2ffa4d000 nmethod 2698 0x000001c2ed3ed590 code [0x000001c2ed3ed840, 0x000001c2ed3ee778]
Event: 4.217 Thread 0x000001c2ffa4d000 2699       3       org.codehaus.groovy.runtime.metaclass.MetaMethodIndex::isNonRealMethod (55 bytes)
Event: 4.218 Thread 0x000001c2ffa4d000 nmethod 2699 0x000001c2ed3eeb90 code [0x000001c2ed3eed80, 0x000001c2ed3ef678]
Event: 4.218 Thread 0x000001c2ffa4d000 2701       3       groovy.lang.MetaClassImpl$1MOPIter::decomposeMopName (79 bytes)
Event: 4.219 Thread 0x000001c2ffa4d000 nmethod 2701 0x000001c2ed3ef790 code [0x000001c2ed3efa20, 0x000001c2ed3f0928]
Event: 4.219 Thread 0x000001c2ffa4d000 2700       1       org.codehaus.groovy.util.ComplexKeyHashMap$Entry::getValue (5 bytes)
Event: 4.219 Thread 0x000001c2ffa4d000 nmethod 2700 0x000001c2f44dcf10 code [0x000001c2f44dd0c0, 0x000001c2f44dd178]
Event: 4.221 Thread 0x000001c2ffa4d000 2702       3       groovy.lang.MetaClassImpl::filterPropertyMethod (305 bytes)
Event: 4.223 Thread 0x000001c2ffa4d000 nmethod 2702 0x000001c2ed3f0d10 code [0x000001c2ed3f1040, 0x000001c2ed3f2a48]
Event: 4.223 Thread 0x000001c2ffa4d000 2703       3       org.codehaus.groovy.reflection.stdclasses.CachedSAMClass::getAbstractMethods (122 bytes)
Event: 4.226 Thread 0x000001c2ffa4d000 nmethod 2703 0x000001c2ed3f3090 code [0x000001c2ed3f3320, 0x000001c2ed3f3ee8]
Event: 4.226 Thread 0x000001c28692a000 2704       4       java.lang.Class::reflectionData (43 bytes)
Event: 4.226 Thread 0x000001c2ffa4d000 2705       3       java.lang.Class::getDeclaredMethods (27 bytes)
Event: 4.229 Thread 0x000001c2ffa4d000 nmethod 2705 0x000001c2ed3f4310 code [0x000001c2ed3f4500, 0x000001c2ed3f4798]

GC Heap History (8 events):
Event: 0.713 GC heap before
{Heap before GC invocations=0 (full 0):
 garbage-first heap   total 129024K, used 29696K [0x0000000080000000, 0x0000000100000000)
  region size 1024K, 24 young (24576K), 0 survivors (0K)
 Metaspace       used 10673K, capacity 10938K, committed 11264K, reserved 1058816K
  class space    used 1130K, capacity 1202K, committed 1280K, reserved 1048576K
}
Event: 0.717 GC heap after
{Heap after GC invocations=1 (full 0):
 garbage-first heap   total 129024K, used 8649K [0x0000000080000000, 0x0000000100000000)
  region size 1024K, 3 young (3072K), 3 survivors (3072K)
 Metaspace       used 10673K, capacity 10938K, committed 11264K, reserved 1058816K
  class space    used 1130K, capacity 1202K, committed 1280K, reserved 1048576K
}
Event: 2.198 GC heap before
{Heap before GC invocations=1 (full 0):
 garbage-first heap   total 129024K, used 81353K [0x0000000080000000, 0x0000000100000000)
  region size 1024K, 75 young (76800K), 3 survivors (3072K)
 Metaspace       used 18902K, capacity 19330K, committed 19456K, reserved 1067008K
  class space    used 2299K, capacity 2458K, committed 2560K, reserved 1048576K
}
Event: 2.204 GC heap after
{Heap after GC invocations=2 (full 0):
 garbage-first heap   total 129024K, used 15503K [0x0000000080000000, 0x0000000100000000)
  region size 1024K, 10 young (10240K), 10 survivors (10240K)
 Metaspace       used 18902K, capacity 19330K, committed 19456K, reserved 1067008K
  class space    used 2299K, capacity 2458K, committed 2560K, reserved 1048576K
}
Event: 2.351 GC heap before
{Heap before GC invocations=2 (full 0):
 garbage-first heap   total 129024K, used 27791K [0x0000000080000000, 0x0000000100000000)
  region size 1024K, 23 young (23552K), 10 survivors (10240K)
 Metaspace       used 20670K, capacity 21099K, committed 21248K, reserved 1067008K
  class space    used 2550K, capacity 2712K, committed 2816K, reserved 1048576K
}
Event: 2.358 GC heap after
{Heap after GC invocations=3 (full 0):
 garbage-first heap   total 129024K, used 16142K [0x0000000080000000, 0x0000000100000000)
  region size 1024K, 1 young (1024K), 1 survivors (1024K)
 Metaspace       used 20670K, capacity 21099K, committed 21248K, reserved 1067008K
  class space    used 2550K, capacity 2712K, committed 2816K, reserved 1048576K
}
Event: 3.069 GC heap before
{Heap before GC invocations=4 (full 0):
 garbage-first heap   total 129024K, used 67342K [0x0000000080000000, 0x0000000100000000)
  region size 1024K, 52 young (53248K), 1 survivors (1024K)
 Metaspace       used 26442K, capacity 27072K, committed 27264K, reserved 1073152K
  class space    used 3481K, capacity 3707K, committed 3712K, reserved 1048576K
}
Event: 3.072 GC heap after
{Heap after GC invocations=5 (full 0):
 garbage-first heap   total 129024K, used 17986K [0x0000000080000000, 0x0000000100000000)
  region size 1024K, 3 young (3072K), 3 survivors (3072K)
 Metaspace       used 26442K, capacity 27072K, committed 27264K, reserved 1073152K
  class space    used 3481K, capacity 3707K, committed 3712K, reserved 1048576K
}

Deoptimization events (20 events):
Event: 3.655 Thread 0x000001c2ffa51800 DEOPT PACKING pc=0x000001c2f4481774 sp=0x000000c0e71f5f10
Event: 3.655 Thread 0x000001c2ffa51800 DEOPT UNPACKING pc=0x000001c2ec8c83af sp=0x000000c0e71f5d90 mode 2
Event: 4.063 Thread 0x000001c2ffa51800 DEOPT PACKING pc=0x000001c2ed224e79 sp=0x000000c0e71f9a20
Event: 4.063 Thread 0x000001c2ffa51800 DEOPT UNPACKING pc=0x000001c2ec8e8ede sp=0x000000c0e71f8f68 mode 0
Event: 4.105 Thread 0x000001c2ffa51800 Uncommon trap: trap_request=0xffffff6e fr.pc=0x000001c2f44cde64 relative=0x00000000000007a4
Event: 4.106 Thread 0x000001c2ffa51800 Uncommon trap: reason=speculate_class_check action=maybe_recompile pc=0x000001c2f44cde64 method=java.lang.reflect.Executable.declaredAnnotations()Ljava/util/Map; @ 23 c2
Event: 4.106 Thread 0x000001c2ffa51800 DEOPT PACKING pc=0x000001c2f44cde64 sp=0x000000c0e71f9ce0
Event: 4.106 Thread 0x000001c2ffa51800 DEOPT UNPACKING pc=0x000001c2ec8c83af sp=0x000000c0e71f9c20 mode 2
Event: 4.178 Thread 0x000001c2ffa51800 Uncommon trap: trap_request=0xffffff4d fr.pc=0x000001c2f4409d04 relative=0x0000000000001f84
Event: 4.178 Thread 0x000001c2ffa51800 Uncommon trap: reason=unstable_if action=reinterpret pc=0x000001c2f4409d04 method=java.util.zip.ZipFile$Source.initCEN(ILjava/util/zip/ZipCoder;)V @ 582 c2
Event: 4.178 Thread 0x000001c2ffa51800 DEOPT PACKING pc=0x000001c2f4409d04 sp=0x000000c0e71f59c0
Event: 4.178 Thread 0x000001c2ffa51800 DEOPT UNPACKING pc=0x000001c2ec8c83af sp=0x000000c0e71f5998 mode 2
Event: 4.178 Thread 0x000001c2ffa51800 Uncommon trap: trap_request=0xffffff4d fr.pc=0x000001c2f449d6c4 relative=0x0000000000005944
Event: 4.178 Thread 0x000001c2ffa51800 Uncommon trap: reason=unstable_if action=reinterpret pc=0x000001c2f449d6c4 method=java.net.URLClassLoader.defineClass(Ljava/lang/String;Ljdk/internal/loader/Resource;)Ljava/lang/Class; @ 21 c2
Event: 4.178 Thread 0x000001c2ffa51800 DEOPT PACKING pc=0x000001c2f449d6c4 sp=0x000000c0e71f9540
Event: 4.178 Thread 0x000001c2ffa51800 DEOPT UNPACKING pc=0x000001c2ec8c83af sp=0x000000c0e71f94a0 mode 2
Event: 4.182 Thread 0x000001c2ffa51800 Uncommon trap: trap_request=0xffffff4d fr.pc=0x000001c2f44c12fc relative=0x000000000000071c
Event: 4.183 Thread 0x000001c2ffa51800 Uncommon trap: reason=unstable_if action=reinterpret pc=0x000001c2f44c12fc method=java.lang.Class.getPackageName()Ljava/lang/String; @ 55 c2
Event: 4.183 Thread 0x000001c2ffa51800 DEOPT PACKING pc=0x000001c2f44c12fc sp=0x000000c0e71f9270
Event: 4.183 Thread 0x000001c2ffa51800 DEOPT UNPACKING pc=0x000001c2ec8c83af sp=0x000000c0e71f9230 mode 2

Classes redefined (0 events):
No events

Internal exceptions (20 events):
Event: 3.852 Thread 0x000001c2ffa51800 Exception <a 'java/lang/NoSuchMethodError'{0x0000000085ae17b0}: 'java.lang.Object java.lang.invoke.DirectMethodHandle$Holder.invokeStatic(java.lang.Object, java.lang.Object, java.lang.Object, java.lang.Object, java.lang.Object, java.lang.Object, java.lang.Object, java.lang.Object, java.lang.Object, java.lang.Object, java.lang.Object, int, int)'> (0x0000000085ae17b0) thrown at [./src/hotspot/share/interpreter/linkResolver.cpp, line 773]
Event: 3.855 Thread 0x000001c2ffa51800 Exception <a 'java/lang/NoSuchMethodError'{0x0000000085901cc8}: 'java.lang.Object java.lang.invoke.DirectMethodHandle$Holder.invokeStatic(java.lang.Object, java.lang.Object, java.lang.Object, java.lang.Object, java.lang.Object, java.lang.Object, java.lang.Object, java.lang.Object, java.lang.Object, java.lang.Object, java.lang.Object, int, int, java.lang.Object)'> (0x0000000085901cc8) thrown at [./src/hotspot/share/interpreter/linkResolver.cpp, line 773]
Event: 3.860 Thread 0x000001c2ffa51800 Exception <a 'java/lang/NoSuchMethodError'{0x0000000085922c20}: 'java.lang.Object java.lang.invoke.DirectMethodHandle$Holder.invokeStatic(java.lang.Object, java.lang.Object, java.lang.Object, java.lang.Object, java.lang.Object, java.lang.Object, java.lang.Object, java.lang.Object, java.lang.Object, java.lang.Object, java.lang.Object, int, int, java.lang.Object, java.lang.Object)'> (0x0000000085922c20) thrown at [./src/hotspot/share/interpreter/linkResolver.cpp, line 773]
Event: 3.861 Thread 0x000001c2ffa51800 Exception <a 'java/lang/ClassNotFoundException'{0x000000008593bfb8}: groovy/lang/ExpandoMetaClassBeanInfo> (0x000000008593bfb8) thrown at [./src/hotspot/share/classfile/systemDictionary.cpp, line 231]
Event: 3.862 Thread 0x000001c2ffa51800 Exception <a 'java/lang/ClassNotFoundException'{0x0000000085948f38}: groovy/lang/MetaClassImplBeanInfo> (0x0000000085948f38) thrown at [./src/hotspot/share/classfile/systemDictionary.cpp, line 231]
Event: 3.862 Thread 0x000001c2ffa51800 Exception <a 'java/lang/ClassNotFoundException'{0x000000008594f788}: java/lang/ObjectBeanInfo> (0x000000008594f788) thrown at [./src/hotspot/share/classfile/systemDictionary.cpp, line 231]
Event: 3.863 Thread 0x000001c2ffa51800 Exception <a 'java/lang/ClassNotFoundException'{0x0000000085958340}: java/lang/ObjectCustomizer> (0x0000000085958340) thrown at [./src/hotspot/share/classfile/systemDictionary.cpp, line 231]
Event: 3.868 Thread 0x000001c2ffa51800 Exception <a 'java/lang/ClassNotFoundException'{0x000000008596bd20}: groovy/lang/MetaClassImplCustomizer> (0x000000008596bd20) thrown at [./src/hotspot/share/classfile/systemDictionary.cpp, line 231]
Event: 3.871 Thread 0x000001c2ffa51800 Exception <a 'java/lang/ClassNotFoundException'{0x00000000859972c8}: groovy/lang/ExpandoMetaClassCustomizer> (0x00000000859972c8) thrown at [./src/hotspot/share/classfile/systemDictionary.cpp, line 231]
Event: 3.930 Thread 0x000001c2ffa51800 Exception <a 'java/lang/ClassNotFoundException'{0x00000000857c6950}: org/gradle/internal/extensibility/DefaultExtraPropertiesExtensionBeanInfo> (0x00000000857c6950) thrown at [./src/hotspot/share/classfile/systemDictionary.cpp, line 231]
Event: 3.930 Thread 0x000001c2ffa51800 Exception <a 'java/lang/ClassNotFoundException'{0x00000000857d4540}: groovy/lang/GroovyObjectSupportBeanInfo> (0x00000000857d4540) thrown at [./src/hotspot/share/classfile/systemDictionary.cpp, line 231]
Event: 3.930 Thread 0x000001c2ffa51800 Exception <a 'java/lang/ClassNotFoundException'{0x00000000857e2178}: groovy/lang/GroovyObjectSupportCustomizer> (0x00000000857e2178) thrown at [./src/hotspot/share/classfile/systemDictionary.cpp, line 231]
Event: 3.931 Thread 0x000001c2ffa51800 Exception <a 'java/lang/ClassNotFoundException'{0x00000000857f7f40}: org/gradle/internal/extensibility/DefaultExtraPropertiesExtensionCustomizer> (0x00000000857f7f40) thrown at [./src/hotspot/share/classfile/systemDictionary.cpp, line 231]
Event: 4.031 Thread 0x000001c2ffa51800 Exception <a 'java/lang/NoSuchMethodError'{0x00000000855cbb50}: 'int java.lang.invoke.DirectMethodHandle$Holder.invokeStaticInit(java.lang.Object, java.lang.Object, java.lang.Object)'> (0x00000000855cbb50) thrown at [./src/hotspot/share/interpreter/linkResolver.cpp, line 773]
Event: 4.033 Thread 0x000001c2ffa51800 Exception <a 'java/lang/NoSuchMethodError'{0x00000000855d23b0}: 'int java.lang.invoke.DirectMethodHandle$Holder.invokeStatic(java.lang.Object, java.lang.Object, java.lang.Object, java.lang.Object, java.lang.Object)'> (0x00000000855d23b0) thrown at [./src/hotspot/share/interpreter/linkResolver.cpp, line 773]
Event: 4.154 Thread 0x000001c2ffa51800 Exception <a 'java/lang/NoSuchMethodError'{0x000000008528d1c0}: 'void java.lang.invoke.DirectMethodHandle$Holder.invokeStatic(java.lang.Object, java.lang.Object, java.lang.Object, java.lang.Object)'> (0x000000008528d1c0) thrown at [./src/hotspot/share/interpreter/linkResolver.cpp, line 773]
Event: 4.178 Thread 0x000001c2ffa51800 Implicit null exception at 0x000001c2f4408a77 to 0x000001c2f4409ce4
Event: 4.212 Thread 0x000001c2ffa51800 Exception <a 'java/lang/NoSuchMethodError'{0x000000008517b8f0}: 'void java.lang.invoke.DirectMethodHandle$Holder.invokeStaticInit(java.lang.Object, java.lang.Object, java.lang.Object, java.lang.Object)'> (0x000000008517b8f0) thrown at [./src/hotspot/share/interpreter/linkResolver.cpp, line 773]
Event: 4.217 Thread 0x000001c2ffa51800 Exception <a 'java/lang/ClassNotFoundException'{0x00000000851a1d08}: groovy/lang/BindingBeanInfo> (0x00000000851a1d08) thrown at [./src/hotspot/share/classfile/systemDictionary.cpp, line 231]
Event: 4.218 Thread 0x000001c2ffa51800 Exception <a 'java/lang/ClassNotFoundException'{0x00000000851afe28}: groovy/lang/BindingCustomizer> (0x00000000851afe28) thrown at [./src/hotspot/share/classfile/systemDictionary.cpp, line 231]

Events (20 events):
Event: 4.210 loading class org/gradle/internal/classpath/Instrumented$DecoratingProperties
Event: 4.210 loading class org/gradle/internal/classpath/Instrumented$DecoratingProperties done
Event: 4.213 loading class org/gradle/internal/classpath/Instrumented$Listener
Event: 4.213 loading class org/gradle/internal/classpath/Instrumented$Listener done
Event: 4.214 loading class groovy/runtime/metaclass/groovy/lang/BindingMetaClass
Event: 4.214 loading class groovy/runtime/metaclass/groovy/lang/BindingMetaClass done
Event: 4.216 loading class groovy/lang/BindingBeanInfo
Event: 4.216 loading class groovy/lang/BindingBeanInfo done
Event: 4.217 loading class groovy/lang/BindingBeanInfo
Event: 4.217 loading class groovy/lang/BindingBeanInfo done
Event: 4.217 loading class groovy/lang/BindingBeanInfo
Event: 4.217 loading class groovy/lang/BindingBeanInfo done
Event: 4.217 loading class groovy/lang/BindingCustomizer
Event: 4.217 loading class groovy/lang/BindingCustomizer done
Event: 4.218 loading class groovy/lang/BindingCustomizer
Event: 4.218 loading class groovy/lang/BindingCustomizer done
Event: 4.218 loading class groovy/lang/BindingCustomizer
Event: 4.218 loading class groovy/lang/BindingCustomizer done
Event: 4.222 loading class groovy/runtime/metaclass/settings_2q5mt0aww7nfti7bfv300yh4hMetaClass
Event: 4.222 loading class groovy/runtime/metaclass/settings_2q5mt0aww7nfti7bfv300yh4hMetaClass done


Dynamic libraries:
0x00007ff6044a0000 - 0x00007ff6044aa000 	C:\Program Files\Android\Android Studio\jre\bin\java.exe
0x00007ff867eb0000 - 0x00007ff8680a5000 	C:\WINDOWS\SYSTEM32\ntdll.dll
0x00007ff866160000 - 0x00007ff86621d000 	C:\WINDOWS\System32\KERNEL32.DLL
0x00007ff865b80000 - 0x00007ff865e49000 	C:\WINDOWS\System32\KERNELBASE.dll
0x00007ff865810000 - 0x00007ff865910000 	C:\WINDOWS\System32\ucrtbase.dll
0x00007ff860250000 - 0x00007ff860267000 	C:\Program Files\Android\Android Studio\jre\bin\VCRUNTIME140.dll
0x00007ff860230000 - 0x00007ff860249000 	C:\Program Files\Android\Android Studio\jre\bin\jli.dll
0x00007ff849890000 - 0x00007ff849b2a000 	C:\WINDOWS\WinSxS\amd64_microsoft.windows.common-controls_6595b64144ccf1df_6.0.19041.1110_none_60b5254171f9507e\COMCTL32.dll
0x00007ff8660a0000 - 0x00007ff86613e000 	C:\WINDOWS\System32\msvcrt.dll
0x00007ff8664d0000 - 0x00007ff866670000 	C:\WINDOWS\System32\USER32.dll
0x00007ff867e40000 - 0x00007ff867e6a000 	C:\WINDOWS\System32\GDI32.dll
0x00007ff865790000 - 0x00007ff8657b2000 	C:\WINDOWS\System32\win32u.dll
0x00007ff865680000 - 0x00007ff86578b000 	C:\WINDOWS\System32\gdi32full.dll
0x00007ff865e50000 - 0x00007ff865eed000 	C:\WINDOWS\System32\msvcp_win.dll
0x00007ff8673d0000 - 0x00007ff867400000 	C:\WINDOWS\System32\IMM32.DLL
0x00007ff836130000 - 0x00007ff8361cd000 	C:\Program Files\Android\Android Studio\jre\bin\msvcp140.dll
0x00007ff81ebe0000 - 0x00007ff81f6af000 	C:\Program Files\Android\Android Studio\jre\bin\server\jvm.dll
0x00007ff867b40000 - 0x00007ff867bec000 	C:\WINDOWS\System32\ADVAPI32.dll
0x00007ff8663c0000 - 0x00007ff86645b000 	C:\WINDOWS\System32\sechost.dll
0x00007ff8672a0000 - 0x00007ff8673ca000 	C:\WINDOWS\System32\RPCRT4.dll
0x00007ff8664c0000 - 0x00007ff8664c8000 	C:\WINDOWS\System32\PSAPI.DLL
0x00007ff846b40000 - 0x00007ff846b67000 	C:\WINDOWS\SYSTEM32\WINMM.dll
0x00007ff85a260000 - 0x00007ff85a269000 	C:\WINDOWS\SYSTEM32\WSOCK32.dll
0x00007ff85f880000 - 0x00007ff85f88a000 	C:\WINDOWS\SYSTEM32\VERSION.dll
0x00007ff866ca0000 - 0x00007ff866d0b000 	C:\WINDOWS\System32\WS2_32.dll
0x00007ff863f00000 - 0x00007ff863f12000 	C:\WINDOWS\SYSTEM32\kernel.appcore.dll
0x00007ff8602c0000 - 0x00007ff8602d1000 	C:\Program Files\Android\Android Studio\jre\bin\verify.dll
0x00007ff863a20000 - 0x00007ff863c04000 	C:\WINDOWS\SYSTEM32\DBGHELP.DLL
0x00007ff85dc30000 - 0x00007ff85dc5c000 	C:\WINDOWS\SYSTEM32\dbgcore.DLL
0x00007ff8655f0000 - 0x00007ff865673000 	C:\WINDOWS\System32\bcryptPrimitives.dll
0x00007ff85ecc0000 - 0x00007ff85ece9000 	C:\Program Files\Android\Android Studio\jre\bin\java.dll
0x00007ff860380000 - 0x00007ff86038b000 	C:\Program Files\Android\Android Studio\jre\bin\jimage.dll
0x00007ff860120000 - 0x00007ff860138000 	C:\Program Files\Android\Android Studio\jre\bin\zip.dll
0x00007ff867400000 - 0x00007ff867b3f000 	C:\WINDOWS\System32\SHELL32.dll
0x00007ff862920000 - 0x00007ff8630b1000 	C:\WINDOWS\SYSTEM32\windows.storage.dll
0x00007ff866d10000 - 0x00007ff867065000 	C:\WINDOWS\System32\combase.dll
0x00007ff865060000 - 0x00007ff86508c000 	C:\WINDOWS\SYSTEM32\Wldp.dll
0x00007ff8670d0000 - 0x00007ff86717e000 	C:\WINDOWS\System32\SHCORE.dll
0x00007ff867070000 - 0x00007ff8670c5000 	C:\WINDOWS\System32\shlwapi.dll
0x00007ff865530000 - 0x00007ff86554f000 	C:\WINDOWS\SYSTEM32\profapi.dll
0x00007ff860020000 - 0x00007ff86003a000 	C:\Program Files\Android\Android Studio\jre\bin\net.dll
0x00007ff85ba00000 - 0x00007ff85bb0a000 	C:\WINDOWS\SYSTEM32\WINHTTP.dll
0x00007ff864dc0000 - 0x00007ff864e2a000 	C:\WINDOWS\system32\mswsock.dll
0x00007ff85fbd0000 - 0x00007ff85fbe4000 	C:\Program Files\Android\Android Studio\jre\bin\nio.dll
0x00007ff85c320000 - 0x00007ff85c347000 	C:\Users\Amodh\.gradle\native\fdc75f09e3144964f2cf3f50f0aa648679c211496f362492102eb8c894070792\windows-amd64\native-platform.dll
0x00007ff8309c0000 - 0x00007ff830b56000 	C:\Users\Amodh\.gradle\native\12488b8bf47d2d4c9fbf2f6322a914ad602e24e48041cd04a747c6da556b65c4\windows-amd64\native-platform-file-events.dll
0x00007ff8601f0000 - 0x00007ff8601fa000 	C:\Program Files\Android\Android Studio\jre\bin\management.dll
0x00007ff85f380000 - 0x00007ff85f38c000 	C:\Program Files\Android\Android Studio\jre\bin\management_ext.dll
0x00007ff864fa0000 - 0x00007ff864fb8000 	C:\WINDOWS\SYSTEM32\CRYPTSP.dll
0x00007ff8646f0000 - 0x00007ff864724000 	C:\WINDOWS\system32\rsaenh.dll
0x00007ff865ef0000 - 0x00007ff865f17000 	C:\WINDOWS\System32\bcrypt.dll
0x00007ff8654f0000 - 0x00007ff86551e000 	C:\WINDOWS\SYSTEM32\USERENV.dll
0x00007ff864fc0000 - 0x00007ff864fcc000 	C:\WINDOWS\SYSTEM32\CRYPTBASE.dll
0x00007ff864a60000 - 0x00007ff864a9b000 	C:\WINDOWS\SYSTEM32\IPHLPAPI.DLL
0x00007ff867e20000 - 0x00007ff867e28000 	C:\WINDOWS\System32\NSI.dll
0x00007ff85dce0000 - 0x00007ff85dcf7000 	C:\WINDOWS\SYSTEM32\dhcpcsvc6.DLL
0x00007ff85dc80000 - 0x00007ff85dc9d000 	C:\WINDOWS\SYSTEM32\dhcpcsvc.DLL
0x00007ff864ab0000 - 0x00007ff864b7c000 	C:\WINDOWS\SYSTEM32\DNSAPI.dll
0x00007ff85e5e0000 - 0x00007ff85e5eb000 	C:\WINDOWS\SYSTEM32\WINNSI.DLL

dbghelp: loaded successfully - version: 4.0.5 - missing functions: none
symbol engine: initialized successfully - sym options: 0x614 - pdb path: .;C:\Program Files\Android\Android Studio\jre\bin;C:\WINDOWS\SYSTEM32;C:\WINDOWS\WinSxS\amd64_microsoft.windows.common-controls_6595b64144ccf1df_6.0.19041.1110_none_60b5254171f9507e;C:\Program Files\Android\Android Studio\jre\bin\server;C:\Users\Amodh\.gradle\native\fdc75f09e3144964f2cf3f50f0aa648679c211496f362492102eb8c894070792\windows-amd64;C:\Users\Amodh\.gradle\native\12488b8bf47d2d4c9fbf2f6322a914ad602e24e48041cd04a747c6da556b65c4\windows-amd64

VM Arguments:
jvm_args: --add-opens=java.base/java.util=ALL-UNNAMED --add-opens=java.base/java.lang=ALL-UNNAMED --add-opens=java.base/java.lang.invoke=ALL-UNNAMED --add-opens=java.prefs/java.util.prefs=ALL-UNNAMED -Xmx2048m -Dfile.encoding=UTF-8 -Duser.country=IN -Duser.language=en -Duser.variant 
java_command: org.gradle.launcher.daemon.bootstrap.GradleDaemon 6.7.1
java_class_path (initial): C:\Users\Amodh\.gradle\wrapper\dists\gradle-6.7.1-bin\bwlcbys1h7rz3272sye1xwiv6\gradle-6.7.1\lib\gradle-launcher-6.7.1.jar
Launcher Type: SUN_STANDARD

[Global flags]
     intx CICompilerCount                          = 4                                         {product} {ergonomic}
     uint ConcGCThreads                            = 2                                         {product} {ergonomic}
     uint G1ConcRefinementThreads                  = 8                                         {product} {ergonomic}
   size_t G1HeapRegionSize                         = 1048576                                   {product} {ergonomic}
    uintx GCDrainStackTargetSize                   = 64                                        {product} {ergonomic}
   size_t InitialHeapSize                          = 132120576                                 {product} {ergonomic}
   size_t MarkStackSize                            = 4194304                                   {product} {ergonomic}
   size_t MaxHeapSize                              = 2147483648                                {product} {command line}
   size_t MaxNewSize                               = 1287651328                                {product} {ergonomic}
   size_t MinHeapDeltaBytes                        = 1048576                                   {product} {ergonomic}
    uintx NonNMethodCodeHeapSize                   = 5836300                                {pd product} {ergonomic}
    uintx NonProfiledCodeHeapSize                  = 122910970                              {pd product} {ergonomic}
    uintx ProfiledCodeHeapSize                     = 122910970                              {pd product} {ergonomic}
    uintx ReservedCodeCacheSize                    = 251658240                              {pd product} {ergonomic}
     bool SegmentedCodeCache                       = true                                      {product} {ergonomic}
     bool UseCompressedClassPointers               = true                                 {lp64_product} {ergonomic}
     bool UseCompressedOops                        = true                                 {lp64_product} {ergonomic}
     bool UseG1GC                                  = true                                      {product} {ergonomic}
     bool UseLargePagesIndividualAllocation        = false                                  {pd product} {ergonomic}

Logging:
Log output configuration:
 #0: stdout all=warning uptime,level,tags
 #1: stderr all=off uptime,level,tags

Environment Variables:
JAVA_HOME=C:\Program Files\Java\jdk-16.0.1
PATH=C:\Program Files\AdoptOpenJDK\jdk-15.0.0.36-hotspot\bin;C:\Windows\system32;C:\Windows;C:\Windows\System32\Wbem;C:\Windows\System32\WindowsPowerShell\v1.0\;C:\Windows\System32\OpenSSH\;C:\Program Files\NVIDIA Corporation\NVIDIA NvDLISR;C:\MinGW\bin;;C:\WINDOWS\system32;C:\WINDOWS;C:\WINDOWS\System32\Wbem;C:\WINDOWS\System32\WindowsPowerShell\v1.0\;C:\WINDOWS\System32\OpenSSH\;C:\Program Files\TortoiseSVN\bin;C:\Users\Amodh\AppData\Local\Microsoft\WindowsApps;C:\Users\Amodh\AppData\Local\Packages\PythonSoftwareFoundation.Python.3.7_qbz5n2kfra8p0\LocalCache\local-packages\Python37\Scripts\get-pip.py;;C:\Users\Amodh\AppData\Local\Programs\Microsoft VS Code\bin
USERNAME=Amodh
OS=Windows_NT
PROCESSOR_IDENTIFIER=Intel64 Family 6 Model 126 Stepping 5, GenuineIntel



---------------  S Y S T E M  ---------------

OS: Windows 10 , 64 bit Build 19041 (10.0.19041.1023)
OS uptime: 11 days 15:40 hours

CPU:total 8 (initial active 8) (4 cores per cpu, 2 threads per core) family 6 model 126 stepping 5 microcode 0xa0, cmov, cx8, fxsr, mmx, sse, sse2, sse3, ssse3, sse4.1, sse4.2, popcnt, avx, avx2, aes, clmul, erms, 3dnowpref, lzcnt, ht, tsc, tscinvbit, bmi1, bmi2, adx, evex, sha, fma

Memory: 4k page, system-wide physical 7959M (367M free)
TotalPageFile size 11739M (AvailPageFile size 9M)
current process WorkingSet (physical memory assigned to process): 232M, peak: 235M
current process commit charge ("private bytes"): 300M, peak: 302M

vm_info: OpenJDK 64-Bit Server VM (11.0.10+0-b96-7249189) for windows-amd64 JRE (11.0.10+0-b96-7249189), built on Mar 31 2021 21:44:00 by "builder" with MS VC++ 14.0 (VS2015)

END.
