#
# There is insufficient memory for the Java Runtime Environment to continue.
# Native memory allocation (mmap) failed to map 27262976 bytes for Failed to commit area from 0x0000000087e00000 to 0x0000000089800000 of length 27262976.
# Possible reasons:
#   The system is out of physical RAM or swap space
#   The process is running with CompressedOops enabled, and the Java Heap may be blocking the growth of the native heap
# Possible solutions:
#   Reduce memory load on the system
#   Increase physical memory or swap space
#   Check if swap backing store is full
#   Decrease Java heap size (-Xmx/-Xms)
#   Decrease number of Java threads
#   Decrease Java thread stack sizes (-Xss)
#   Set larger code cache with -XX:ReservedCodeCacheSize=
#   JVM is running with Unscaled Compressed Oops mode in which the Java heap is
#     placed in the first 4GB address space. The Java Heap base address is the
#     maximum limit for the native heap growth. Please use -XX:HeapBaseMinAddress
#     to set the Java Heap base and to place the Java Heap above 4GB virtual address.
# This output file may be truncated or incomplete.
#
#  Out of Memory Error (./src/hotspot/os/windows/os_windows.cpp:3301), pid=7724, tid=29932
#
# JRE version: OpenJDK Runtime Environment (11.0.10) (build 11.0.10+0-b96-7249189)
# Java VM: OpenJDK 64-Bit Server VM (11.0.10+0-b96-7249189, mixed mode, tiered, compressed oops, g1 gc, windows-amd64)
# No core dump will be written. Minidumps are not enabled by default on client versions of Windows
#

---------------  S U M M A R Y ------------

Command Line: --add-opens=java.base/java.util=ALL-UNNAMED --add-opens=java.base/java.lang=ALL-UNNAMED --add-opens=java.base/java.lang.invoke=ALL-UNNAMED --add-opens=java.prefs/java.util.prefs=ALL-UNNAMED -Xmx2048m -Dfile.encoding=UTF-8 -Duser.country=IN -Duser.language=en -Duser.variant org.gradle.launcher.daemon.bootstrap.GradleDaemon 6.7.1

Host: Intel(R) Core(TM) i5-1035G1 CPU @ 1.00GHz, 8 cores, 7G,  Windows 10 , 64 bit Build 19041 (10.0.19041.1023)
Time: Sat Aug  7 17:23:15 2021 Eastern Daylight Time elapsed time: 6.869006 seconds (0d 0h 0m 6s)

---------------  T H R E A D  ---------------

Current thread (0x000001ba16982000):  VMThread "VM Thread" [stack: 0x0000008c90300000,0x0000008c90400000] [id=29932]

Stack: [0x0000008c90300000,0x0000008c90400000]
[error occurred during error reporting (printing stack bounds), id 0xc0000005, EXCEPTION_ACCESS_VIOLATION (0xc0000005) at pc=0x000001ba000010e7]

Native frames: (J=compiled Java code, j=interpreted, Vv=VM code, C=native code)
V  [jvm.dll+0x5ecfaa]
V  [jvm.dll+0x722bd5]
V  [jvm.dll+0x72412d]
V  [jvm.dll+0x724745]
V  [jvm.dll+0x7246fb]
V  [jvm.dll+0x5ec348]
V  [jvm.dll+0x5ecad8]
C  [ntdll.dll+0xa217f]
C  [ntdll.dll+0x51454]
C  [ntdll.dll+0xa0cae]
C  0x000001ba000010e7

VM_Operation (0x0000008c918fc1e0): CollectForMetadataAllocation, mode: safepoint, requested by thread 0x000001ba1a328800


---------------  P R O C E S S  ---------------

Threads class SMR info:
_java_thread_list=0x000001ba1905a640, length=137, elements={
0x000001ba7c4db800, 0x000001ba16986000, 0x000001ba1698f000, 0x000001ba17302800,
0x000001ba1699d000, 0x000001ba1699e000, 0x000001ba169a2000, 0x000001ba169a7800,
0x000001ba169b1000, 0x000001ba17451000, 0x000001ba1a325800, 0x000001ba1a324000,
0x000001ba1a327000, 0x000001ba1a326000, 0x000001ba1a322000, 0x000001ba1a328000,
0x000001ba1a328800, 0x000001ba1a323000, 0x000001ba1a324800, 0x000001ba19626800,
0x000001ba19624800, 0x000001ba19626000, 0x000001ba19623800, 0x000001ba19625000,
0x000001ba19628800, 0x000001ba19622800, 0x000001ba1962d800, 0x000001ba1962f000,
0x000001ba1962a000, 0x000001ba1962b000, 0x000001ba1962b800, 0x000001ba18c99000,
0x000001ba18c93800, 0x000001ba18c97800, 0x000001ba18c98000, 0x000001ba18c9a000,
0x000001ba18c94000, 0x000001ba18c95800, 0x000001ba18c9a800, 0x000001ba18c95000,
0x000001ba18c9b800, 0x000001ba18c9c800, 0x000001ba18c96800, 0x000001ba18ca2000,
0x000001ba18c9d000, 0x000001ba18c9e000, 0x000001ba18ca1000, 0x000001ba18c9e800,
0x000001ba18ca0800, 0x000001ba18c9f800, 0x000001ba1c3f3800, 0x000001ba1c3f4800,
0x000001ba1c3f2000, 0x000001ba1c3f5800, 0x000001ba1c3f6000, 0x000001ba1c3f3000,
0x000001ba1c3f7000, 0x000001ba1c3f1800, 0x000001ba1c3f8000, 0x000001ba1c3f9800,
0x000001ba1c3fc800, 0x000001ba1c3fd800, 0x000001ba1c3fe800, 0x000001ba1c3fb000,
0x000001ba1c3f8800, 0x000001ba1c3ff000, 0x000001ba1c400000, 0x000001ba1c3fa800,
0x000001ba1c3fc000, 0x000001ba1a971000, 0x000001ba1a96f800, 0x000001ba1a972000,
0x000001ba1a972800, 0x000001ba1a973800, 0x000001ba1a974800, 0x000001ba1a975000,
0x000001ba1a976000, 0x000001ba1a970800, 0x000001ba1a977800, 0x000001ba1a979800,
0x000001ba1a97a000, 0x000001ba1a97b000, 0x000001ba1a978800, 0x000001ba1a97b800,
0x000001ba1a97c800, 0x000001ba1a977000, 0x000001ba1a97e000, 0x000001ba1a97d800,
0x000001ba1995d800, 0x000001ba1995f800, 0x000001ba1995a800, 0x000001ba1995d000,
0x000001ba1995e800, 0x000001ba19959800, 0x000001ba1995b800, 0x000001ba19961000,
0x000001ba19960000, 0x000001ba19962000, 0x000001ba1995c000, 0x000001ba19966800,
0x000001ba19967800, 0x000001ba19963800, 0x000001ba19966000, 0x000001ba19968800,
0x000001ba19965000, 0x000001ba19962800, 0x000001ba19964800, 0x000001ba19e53800,
0x000001ba19e59000, 0x000001ba19e56800, 0x000001ba19e5a000, 0x000001ba19e54000,
0x000001ba19e5b000, 0x000001ba19e55000, 0x000001ba19e58800, 0x000001ba19e57800,
0x000001ba19e5b800, 0x000001ba19e56000, 0x000001ba19e60800, 0x000001ba19e5d000,
0x000001ba19e61800, 0x000001ba19e5f000, 0x000001ba19e62000, 0x000001ba19e5f800,
0x000001ba19e5c800, 0x000001ba19e5e000, 0x000001ba18553800, 0x000001ba18552800,
0x000001ba18555000, 0x000001ba18554000, 0x000001ba18556000, 0x000001ba18551000,
0x000001ba18550000, 0x000001ba18556800, 0x000001ba18557800, 0x000001ba18551800,
0x000001ba18558000
}

Java Threads: ( => current thread )
  0x000001ba7c4db800 JavaThread "main" [_thread_blocked, id=31152, stack(0x0000008c8fd00000,0x0000008c8fe00000)]
  0x000001ba16986000 JavaThread "Reference Handler" daemon [_thread_blocked, id=26064, stack(0x0000008c90400000,0x0000008c90500000)]
  0x000001ba1698f000 JavaThread "Finalizer" daemon [_thread_blocked, id=35956, stack(0x0000008c90500000,0x0000008c90600000)]
  0x000001ba17302800 JavaThread "Signal Dispatcher" daemon [_thread_blocked, id=36100, stack(0x0000008c90600000,0x0000008c90700000)]
  0x000001ba1699d000 JavaThread "Attach Listener" daemon [_thread_blocked, id=10928, stack(0x0000008c90700000,0x0000008c90800000)]
  0x000001ba1699e000 JavaThread "Service Thread" daemon [_thread_blocked, id=20952, stack(0x0000008c90800000,0x0000008c90900000)]
  0x000001ba169a2000 JavaThread "C2 CompilerThread0" daemon [_thread_blocked, id=29976, stack(0x0000008c90900000,0x0000008c90a00000)]
  0x000001ba169a7800 JavaThread "C1 CompilerThread0" daemon [_thread_blocked, id=4220, stack(0x0000008c90a00000,0x0000008c90b00000)]
  0x000001ba169b1000 JavaThread "Sweeper thread" daemon [_thread_blocked, id=23236, stack(0x0000008c90b00000,0x0000008c90c00000)]
  0x000001ba17451000 JavaThread "Common-Cleaner" daemon [_thread_blocked, id=9324, stack(0x0000008c90c00000,0x0000008c90d00000)]
  0x000001ba1a325800 JavaThread "Daemon health stats" [_thread_blocked, id=9820, stack(0x0000008c91200000,0x0000008c91300000)]
  0x000001ba1a324000 JavaThread "Incoming local TCP Connector on port 58724" [_thread_in_native, id=29672, stack(0x0000008c91300000,0x0000008c91400000)]
  0x000001ba1a327000 JavaThread "Daemon periodic checks" [_thread_blocked, id=29732, stack(0x0000008c91400000,0x0000008c91500000)]
  0x000001ba1a326000 JavaThread "Daemon" [_thread_blocked, id=5420, stack(0x0000008c91500000,0x0000008c91600000)]
  0x000001ba1a322000 JavaThread "Handler for socket connection from /127.0.0.1:58724 to /127.0.0.1:58725" [_thread_in_native, id=12588, stack(0x0000008c91600000,0x0000008c91700000)]
  0x000001ba1a328000 JavaThread "Cancel handler" [_thread_blocked, id=23620, stack(0x0000008c91700000,0x0000008c91800000)]
  0x000001ba1a328800 JavaThread "Daemon worker" [_thread_blocked, id=29268, stack(0x0000008c91800000,0x0000008c91900000)]
  0x000001ba1a323000 JavaThread "Asynchronous log dispatcher for DefaultDaemonConnection: socket connection from /127.0.0.1:58724 to /127.0.0.1:58725" [_thread_blocked, id=12616, stack(0x0000008c91900000,0x0000008c91a00000)]
  0x000001ba1a324800 JavaThread "Stdin handler" [_thread_blocked, id=14376, stack(0x0000008c91a00000,0x0000008c91b00000)]
  0x000001ba19626800 JavaThread "Thread-8" [_thread_blocked, id=31972, stack(0x0000008c91b00000,0x0000008c91c00000)]
  0x000001ba19624800 JavaThread "Cache worker for file hash cache (C:\Users\Amodh\.gradle\caches\6.7.1\fileHashes)" [_thread_blocked, id=11240, stack(0x0000008c92100000,0x0000008c92200000)]
  0x000001ba19626000 JavaThread "File lock request listener" [_thread_in_native, id=23628, stack(0x0000008c92200000,0x0000008c92300000)]
  0x000001ba19623800 JavaThread "Cache worker for journal cache (C:\Users\Amodh\.gradle\caches\journal-1)" [_thread_blocked, id=23256, stack(0x0000008c92400000,0x0000008c92500000)]
  0x000001ba19625000 JavaThread "Cache worker for file hash cache (C:\Users\Amodh\AndroidStudioProjects\Hospital-Booking-System\.gradle\6.7.1\fileHashes)" [_thread_blocked, id=22148, stack(0x0000008c92600000,0x0000008c92700000)]
  0x000001ba19628800 JavaThread "Cache worker for checksums cache (C:\Users\Amodh\AndroidStudioProjects\Hospital-Booking-System\.gradle\checksums)" [_thread_blocked, id=11436, stack(0x0000008c92700000,0x0000008c92800000)]
  0x000001ba19622800 JavaThread "Cache worker for cache directory md-supplier (C:\Users\Amodh\.gradle\caches\6.7.1\md-supplier)" [_thread_blocked, id=19064, stack(0x0000008c92800000,0x0000008c92900000)]
  0x000001ba1962d800 JavaThread "Cache worker for cache directory md-rule (C:\Users\Amodh\.gradle\caches\6.7.1\md-rule)" [_thread_blocked, id=7984, stack(0x0000008c92a00000,0x0000008c92b00000)]
  0x000001ba1962f000 JavaThread "Cache worker for execution history cache (C:\Users\Amodh\.gradle\caches\6.7.1\executionHistory)" [_thread_blocked, id=20488, stack(0x0000008c92b00000,0x0000008c92c00000)]
  0x000001ba1962a000 JavaThread "jar transforms" [_thread_blocked, id=34348, stack(0x0000008c92c00000,0x0000008c92d00000)]
  0x000001ba1962b000 JavaThread "Cache worker for file content cache (C:\Users\Amodh\.gradle\caches\6.7.1\fileContent)" [_thread_blocked, id=14748, stack(0x0000008c92d00000,0x0000008c92e00000)]
  0x000001ba1962b800 JavaThread "Cache worker for Build Output Cleanup Cache (C:\Users\Amodh\AndroidStudioProjects\Hospital-Booking-System\.gradle\buildOutputCleanup)" [_thread_blocked, id=16424, stack(0x0000008c92900000,0x0000008c92a00000)]
  0x000001ba18c99000 JavaThread "Build operations" [_thread_blocked, id=28660, stack(0x0000008c92e00000,0x0000008c92f00000)]
  0x000001ba18c93800 JavaThread "Build operations Thread 2" [_thread_blocked, id=2980, stack(0x0000008c92f00000,0x0000008c93000000)]
  0x000001ba18c97800 JavaThread "Build operations Thread 3" [_thread_blocked, id=4636, stack(0x0000008c93000000,0x0000008c93100000)]
  0x000001ba18c98000 JavaThread "Build operations Thread 4" [_thread_blocked, id=24716, stack(0x0000008c93100000,0x0000008c93200000)]
  0x000001ba18c9a000 JavaThread "Build operations Thread 5" [_thread_blocked, id=15512, stack(0x0000008c93200000,0x0000008c93300000)]
  0x000001ba18c94000 JavaThread "Build operations Thread 6" [_thread_blocked, id=28096, stack(0x0000008c93300000,0x0000008c93400000)]
  0x000001ba18c95800 JavaThread "Build operations Thread 7" [_thread_blocked, id=23472, stack(0x0000008c93400000,0x0000008c93500000)]
  0x000001ba18c9a800 JavaThread "Build operations Thread 8" [_thread_blocked, id=16656, stack(0x0000008c93500000,0x0000008c93600000)]
  0x000001ba18c95000 JavaThread "jar transforms Thread 2" [_thread_blocked, id=28716, stack(0x0000008c93600000,0x0000008c93700000)]
  0x000001ba18c9b800 JavaThread "jar transforms Thread 3" [_thread_blocked, id=29248, stack(0x0000008c93700000,0x0000008c93800000)]
  0x000001ba18c9c800 JavaThread "jar transforms Thread 4" [_thread_blocked, id=30392, stack(0x0000008c93800000,0x0000008c93900000)]
  0x000001ba18c96800 JavaThread "jar transforms Thread 5" [_thread_blocked, id=1864, stack(0x0000008c93900000,0x0000008c93a00000)]
  0x000001ba18ca2000 JavaThread "jar transforms Thread 6" [_thread_blocked, id=34556, stack(0x0000008c93a00000,0x0000008c93b00000)]
  0x000001ba18c9d000 JavaThread "jar transforms Thread 7" [_thread_blocked, id=31264, stack(0x0000008c93b00000,0x0000008c93c00000)]
  0x000001ba18c9e000 JavaThread "jar transforms Thread 8" [_thread_blocked, id=19344, stack(0x0000008c93c00000,0x0000008c93d00000)]
  0x000001ba18ca1000 JavaThread "jar transforms Thread 9" [_thread_blocked, id=24388, stack(0x0000008c93d00000,0x0000008c93e00000)]
  0x000001ba18c9e800 JavaThread "jar transforms Thread 10" [_thread_blocked, id=452, stack(0x0000008c93e00000,0x0000008c93f00000)]
  0x000001ba18ca0800 JavaThread "jar transforms Thread 11" [_thread_blocked, id=18864, stack(0x0000008c93f00000,0x0000008c94000000)]
  0x000001ba18c9f800 JavaThread "jar transforms Thread 12" [_thread_blocked, id=28324, stack(0x0000008c94000000,0x0000008c94100000)]
  0x000001ba1c3f3800 JavaThread "jar transforms Thread 13" [_thread_blocked, id=18356, stack(0x0000008c94100000,0x0000008c94200000)]
  0x000001ba1c3f4800 JavaThread "jar transforms Thread 14" [_thread_blocked, id=35856, stack(0x0000008c94200000,0x0000008c94300000)]
  0x000001ba1c3f2000 JavaThread "jar transforms Thread 15" [_thread_blocked, id=34244, stack(0x0000008c94300000,0x0000008c94400000)]
  0x000001ba1c3f5800 JavaThread "jar transforms Thread 16" [_thread_blocked, id=21876, stack(0x0000008c94400000,0x0000008c94500000)]
  0x000001ba1c3f6000 JavaThread "jar transforms Thread 17" [_thread_blocked, id=8724, stack(0x0000008c94500000,0x0000008c94600000)]
  0x000001ba1c3f3000 JavaThread "jar transforms Thread 18" [_thread_blocked, id=19228, stack(0x0000008c94600000,0x0000008c94700000)]
  0x000001ba1c3f7000 JavaThread "jar transforms Thread 19" [_thread_blocked, id=25572, stack(0x0000008c94700000,0x0000008c94800000)]
  0x000001ba1c3f1800 JavaThread "jar transforms Thread 20" [_thread_blocked, id=19976, stack(0x0000008c94800000,0x0000008c94900000)]
  0x000001ba1c3f8000 JavaThread "jar transforms Thread 21" [_thread_blocked, id=10136, stack(0x0000008c94900000,0x0000008c94a00000)]
  0x000001ba1c3f9800 JavaThread "jar transforms Thread 22" [_thread_blocked, id=10564, stack(0x0000008c94a00000,0x0000008c94b00000)]
  0x000001ba1c3fc800 JavaThread "jar transforms Thread 23" [_thread_blocked, id=3872, stack(0x0000008c94b00000,0x0000008c94c00000)]
  0x000001ba1c3fd800 JavaThread "jar transforms Thread 24" [_thread_blocked, id=9724, stack(0x0000008c94c00000,0x0000008c94d00000)]
  0x000001ba1c3fe800 JavaThread "jar transforms Thread 25" [_thread_blocked, id=28068, stack(0x0000008c94d00000,0x0000008c94e00000)]
  0x000001ba1c3fb000 JavaThread "jar transforms Thread 26" [_thread_blocked, id=36112, stack(0x0000008c94e00000,0x0000008c94f00000)]
  0x000001ba1c3f8800 JavaThread "jar transforms Thread 27" [_thread_blocked, id=16344, stack(0x0000008c94f00000,0x0000008c95000000)]
  0x000001ba1c3ff000 JavaThread "jar transforms Thread 28" [_thread_blocked, id=28144, stack(0x0000008c95000000,0x0000008c95100000)]
  0x000001ba1c400000 JavaThread "jar transforms Thread 29" [_thread_blocked, id=27440, stack(0x0000008c95100000,0x0000008c95200000)]
  0x000001ba1c3fa800 JavaThread "jar transforms Thread 30" [_thread_blocked, id=33116, stack(0x0000008c95200000,0x0000008c95300000)]
  0x000001ba1c3fc000 JavaThread "jar transforms Thread 31" [_thread_blocked, id=23532, stack(0x0000008c95300000,0x0000008c95400000)]
  0x000001ba1a971000 JavaThread "jar transforms Thread 32" [_thread_blocked, id=12736, stack(0x0000008c95400000,0x0000008c95500000)]
  0x000001ba1a96f800 JavaThread "jar transforms Thread 33" [_thread_blocked, id=16004, stack(0x0000008c95500000,0x0000008c95600000)]
  0x000001ba1a972000 JavaThread "jar transforms Thread 34" [_thread_blocked, id=28356, stack(0x0000008c95600000,0x0000008c95700000)]
  0x000001ba1a972800 JavaThread "jar transforms Thread 35" [_thread_blocked, id=36148, stack(0x0000008c95700000,0x0000008c95800000)]
  0x000001ba1a973800 JavaThread "jar transforms Thread 36" [_thread_blocked, id=29136, stack(0x0000008c95800000,0x0000008c95900000)]
  0x000001ba1a974800 JavaThread "jar transforms Thread 37" [_thread_blocked, id=14804, stack(0x0000008c95900000,0x0000008c95a00000)]
  0x000001ba1a975000 JavaThread "jar transforms Thread 38" [_thread_blocked, id=30428, stack(0x0000008c95a00000,0x0000008c95b00000)]
  0x000001ba1a976000 JavaThread "jar transforms Thread 39" [_thread_blocked, id=3028, stack(0x0000008c95b00000,0x0000008c95c00000)]
  0x000001ba1a970800 JavaThread "jar transforms Thread 40" [_thread_blocked, id=5100, stack(0x0000008c95c00000,0x0000008c95d00000)]
  0x000001ba1a977800 JavaThread "jar transforms Thread 41" [_thread_blocked, id=25612, stack(0x0000008c95d00000,0x0000008c95e00000)]
  0x000001ba1a979800 JavaThread "jar transforms Thread 42" [_thread_blocked, id=22344, stack(0x0000008c95e00000,0x0000008c95f00000)]
  0x000001ba1a97a000 JavaThread "jar transforms Thread 43" [_thread_blocked, id=16964, stack(0x0000008c95f00000,0x0000008c96000000)]
  0x000001ba1a97b000 JavaThread "jar transforms Thread 44" [_thread_blocked, id=19604, stack(0x0000008c96000000,0x0000008c96100000)]
  0x000001ba1a978800 JavaThread "jar transforms Thread 45" [_thread_blocked, id=10740, stack(0x0000008c96100000,0x0000008c96200000)]
  0x000001ba1a97b800 JavaThread "jar transforms Thread 46" [_thread_blocked, id=800, stack(0x0000008c96200000,0x0000008c96300000)]
  0x000001ba1a97c800 JavaThread "jar transforms Thread 47" [_thread_blocked, id=24920, stack(0x0000008c96300000,0x0000008c96400000)]
  0x000001ba1a977000 JavaThread "jar transforms Thread 48" [_thread_blocked, id=13560, stack(0x0000008c96400000,0x0000008c96500000)]
  0x000001ba1a97e000 JavaThread "jar transforms Thread 49" [_thread_blocked, id=35488, stack(0x0000008c96500000,0x0000008c96600000)]
  0x000001ba1a97d800 JavaThread "jar transforms Thread 50" [_thread_blocked, id=1436, stack(0x0000008c96600000,0x0000008c96700000)]
  0x000001ba1995d800 JavaThread "jar transforms Thread 51" [_thread_blocked, id=35300, stack(0x0000008c96700000,0x0000008c96800000)]
  0x000001ba1995f800 JavaThread "jar transforms Thread 52" [_thread_blocked, id=31188, stack(0x0000008c96800000,0x0000008c96900000)]
  0x000001ba1995a800 JavaThread "jar transforms Thread 53" [_thread_blocked, id=35040, stack(0x0000008c96900000,0x0000008c96a00000)]
  0x000001ba1995d000 JavaThread "jar transforms Thread 54" [_thread_blocked, id=2428, stack(0x0000008c96a00000,0x0000008c96b00000)]
  0x000001ba1995e800 JavaThread "jar transforms Thread 55" [_thread_blocked, id=18568, stack(0x0000008c96b00000,0x0000008c96c00000)]
  0x000001ba19959800 JavaThread "jar transforms Thread 56" [_thread_blocked, id=21452, stack(0x0000008c96c00000,0x0000008c96d00000)]
  0x000001ba1995b800 JavaThread "jar transforms Thread 57" [_thread_blocked, id=35604, stack(0x0000008c96d00000,0x0000008c96e00000)]
  0x000001ba19961000 JavaThread "jar transforms Thread 58" [_thread_blocked, id=30200, stack(0x0000008c96e00000,0x0000008c96f00000)]
  0x000001ba19960000 JavaThread "jar transforms Thread 59" [_thread_blocked, id=6408, stack(0x0000008c96f00000,0x0000008c97000000)]
  0x000001ba19962000 JavaThread "jar transforms Thread 60" [_thread_blocked, id=32732, stack(0x0000008c97000000,0x0000008c97100000)]
  0x000001ba1995c000 JavaThread "jar transforms Thread 61" [_thread_blocked, id=33016, stack(0x0000008c97100000,0x0000008c97200000)]
  0x000001ba19966800 JavaThread "jar transforms Thread 62" [_thread_blocked, id=32460, stack(0x0000008c97200000,0x0000008c97300000)]
  0x000001ba19967800 JavaThread "jar transforms Thread 63" [_thread_blocked, id=8600, stack(0x0000008c97300000,0x0000008c97400000)]
  0x000001ba19963800 JavaThread "jar transforms Thread 64" [_thread_blocked, id=4752, stack(0x0000008c97400000,0x0000008c97500000)]
  0x000001ba19966000 JavaThread "jar transforms Thread 65" [_thread_blocked, id=35352, stack(0x0000008c97500000,0x0000008c97600000)]
  0x000001ba19968800 JavaThread "jar transforms Thread 66" [_thread_blocked, id=30484, stack(0x0000008c97600000,0x0000008c97700000)]
  0x000001ba19965000 JavaThread "jar transforms Thread 67" [_thread_blocked, id=19952, stack(0x0000008c97700000,0x0000008c97800000)]
  0x000001ba19962800 JavaThread "jar transforms Thread 68" [_thread_blocked, id=23908, stack(0x0000008c97800000,0x0000008c97900000)]
  0x000001ba19964800 JavaThread "jar transforms Thread 69" [_thread_blocked, id=28696, stack(0x0000008c97900000,0x0000008c97a00000)]
  0x000001ba19e53800 JavaThread "jar transforms Thread 70" [_thread_blocked, id=12900, stack(0x0000008c97a00000,0x0000008c97b00000)]
  0x000001ba19e59000 JavaThread "jar transforms Thread 71" [_thread_blocked, id=8988, stack(0x0000008c97b00000,0x0000008c97c00000)]
  0x000001ba19e56800 JavaThread "jar transforms Thread 72" [_thread_blocked, id=1556, stack(0x0000008c97c00000,0x0000008c97d00000)]
  0x000001ba19e5a000 JavaThread "jar transforms Thread 73" [_thread_blocked, id=18644, stack(0x0000008c97d00000,0x0000008c97e00000)]
  0x000001ba19e54000 JavaThread "jar transforms Thread 74" [_thread_blocked, id=30036, stack(0x0000008c97e00000,0x0000008c97f00000)]
  0x000001ba19e5b000 JavaThread "jar transforms Thread 75" [_thread_blocked, id=8760, stack(0x0000008c97f00000,0x0000008c98000000)]
  0x000001ba19e55000 JavaThread "jar transforms Thread 76" [_thread_blocked, id=4876, stack(0x0000008c98000000,0x0000008c98100000)]
  0x000001ba19e58800 JavaThread "jar transforms Thread 77" [_thread_blocked, id=28392, stack(0x0000008c98100000,0x0000008c98200000)]
  0x000001ba19e57800 JavaThread "jar transforms Thread 78" [_thread_blocked, id=15744, stack(0x0000008c98200000,0x0000008c98300000)]
  0x000001ba19e5b800 JavaThread "jar transforms Thread 79" [_thread_blocked, id=8880, stack(0x0000008c98300000,0x0000008c98400000)]
  0x000001ba19e56000 JavaThread "jar transforms Thread 80" [_thread_blocked, id=15108, stack(0x0000008c98400000,0x0000008c98500000)]
  0x000001ba19e60800 JavaThread "jar transforms Thread 81" [_thread_blocked, id=10480, stack(0x0000008c98500000,0x0000008c98600000)]
  0x000001ba19e5d000 JavaThread "jar transforms Thread 82" [_thread_blocked, id=25292, stack(0x0000008c98600000,0x0000008c98700000)]
  0x000001ba19e61800 JavaThread "jar transforms Thread 83" [_thread_blocked, id=13756, stack(0x0000008c98700000,0x0000008c98800000)]
  0x000001ba19e5f000 JavaThread "jar transforms Thread 84" [_thread_blocked, id=28720, stack(0x0000008c98800000,0x0000008c98900000)]
  0x000001ba19e62000 JavaThread "jar transforms Thread 85" [_thread_blocked, id=12884, stack(0x0000008c98900000,0x0000008c98a00000)]
  0x000001ba19e5f800 JavaThread "jar transforms Thread 86" [_thread_blocked, id=17304, stack(0x0000008c98a00000,0x0000008c98b00000)]
  0x000001ba19e5c800 JavaThread "jar transforms Thread 87" [_thread_blocked, id=24276, stack(0x0000008c98b00000,0x0000008c98c00000)]
  0x000001ba19e5e000 JavaThread "jar transforms Thread 88" [_thread_blocked, id=10348, stack(0x0000008c98c00000,0x0000008c98d00000)]
  0x000001ba18553800 JavaThread "jar transforms Thread 89" [_thread_blocked, id=23764, stack(0x0000008c98d00000,0x0000008c98e00000)]
  0x000001ba18552800 JavaThread "jar transforms Thread 90" [_thread_blocked, id=31008, stack(0x0000008c98e00000,0x0000008c98f00000)]
  0x000001ba18555000 JavaThread "jar transforms Thread 91" [_thread_blocked, id=34496, stack(0x0000008c98f00000,0x0000008c99000000)]
  0x000001ba18554000 JavaThread "jar transforms Thread 92" [_thread_blocked, id=32580, stack(0x0000008c99000000,0x0000008c99100000)]
  0x000001ba18556000 JavaThread "jar transforms Thread 93" [_thread_blocked, id=19628, stack(0x0000008c99100000,0x0000008c99200000)]
  0x000001ba18551000 JavaThread "jar transforms Thread 94" [_thread_blocked, id=12608, stack(0x0000008c99200000,0x0000008c99300000)]
  0x000001ba18550000 JavaThread "jar transforms Thread 95" [_thread_blocked, id=19204, stack(0x0000008c99300000,0x0000008c99400000)]
  0x000001ba18556800 JavaThread "jar transforms Thread 96" [_thread_blocked, id=512, stack(0x0000008c99400000,0x0000008c99500000)]
  0x000001ba18557800 JavaThread "jar transforms Thread 97" [_thread_blocked, id=10620, stack(0x0000008c99500000,0x0000008c99600000)]
  0x000001ba18551800 JavaThread "jar transforms Thread 98" [_thread_blocked, id=10580, stack(0x0000008c99600000,0x0000008c99700000)]
  0x000001ba18558000 JavaThread "jar transforms Thread 99" [_thread_blocked, id=35436, stack(0x0000008c99700000,0x0000008c99800000)]

Other Threads:
=>0x000001ba16982000 VMThread "VM Thread" [stack: 0x0000008c90300000,0x0000008c90400000] [id=29932]
  0x000001ba17467000 WatcherThread [stack: 0x0000008c90d00000,0x0000008c90e00000] [id=6604]
  0x000001ba7c4f3000 GCTaskThread "GC Thread#0" [stack: 0x0000008c8fe00000,0x0000008c8ff00000] [id=29320]
  0x000001ba1835c800 GCTaskThread "GC Thread#1" [stack: 0x0000008c90f00000,0x0000008c91000000] [id=7716]
  0x000001ba17c65000 GCTaskThread "GC Thread#2" [stack: 0x0000008c91000000,0x0000008c91100000] [id=28972]
  0x000001ba19325000 GCTaskThread "GC Thread#3" [stack: 0x0000008c91c00000,0x0000008c91d00000] [id=32352]
  0x000001ba186be800 GCTaskThread "GC Thread#4" [stack: 0x0000008c91d00000,0x0000008c91e00000] [id=16324]
  0x000001ba1972c000 GCTaskThread "GC Thread#5" [stack: 0x0000008c91e00000,0x0000008c91f00000] [id=32556]
  0x000001ba1856d800 GCTaskThread "GC Thread#6" [stack: 0x0000008c91f00000,0x0000008c92000000] [id=34728]
  0x000001ba186e5000 GCTaskThread "GC Thread#7" [stack: 0x0000008c92000000,0x0000008c92100000] [id=29236]
  0x000001ba7c525000 ConcurrentGCThread "G1 Main Marker" [stack: 0x0000008c8ff00000,0x0000008c90000000] [id=3300]
  0x000001ba7c527800 ConcurrentGCThread "G1 Conc#0" [stack: 0x0000008c90000000,0x0000008c90100000] [id=2568]
  0x000001ba18742000 ConcurrentGCThread "G1 Conc#1" [stack: 0x0000008c92300000,0x0000008c92400000] [id=20512]
  0x000001ba7c5b8800 ConcurrentGCThread "G1 Refine#0" [stack: 0x0000008c90100000,0x0000008c90200000] [id=18852]
  0x000001ba167d0800 ConcurrentGCThread "G1 Young RemSet Sampling" [stack: 0x0000008c90200000,0x0000008c90300000] [id=19304]

Threads with active compile tasks:

VM state:at safepoint (normal execution)

VM Mutex/Monitor currently owned by a thread:  ([mutex/lock_event])
[0x000001ba7c4d9180] Threads_lock - owner thread: 0x000001ba16982000
[0x000001ba7c4d7680] Heap_lock - owner thread: 0x000001ba1a328800

OutOfMemory and StackOverflow Exception counts:
OutOfMemoryError java_heap_errors=5
LinkageErrors=80

Heap address: 0x0000000080000000, size: 2048 MB, Compressed Oops mode: 32-bit
Narrow klass base: 0x0000000000000000, Narrow klass shift: 3
Compressed class space size: 1073741824 Address: 0x0000000100000000

Heap:
 garbage-first heap   total 155648K, used 35393K [0x0000000080000000, 0x0000000100000000)
  region size 1024K, 2 young (2048K), 2 survivors (2048K)
 Metaspace       used 44496K, capacity 45532K, committed 45568K, reserved 1095680K
  class space    used 5710K, capacity 6113K, committed 6144K, reserved 1048576K
Heap Regions: E=young(eden), S=young(survivor), O=old, HS=humongous(starts), HC=humongous(continues), CS=collection set, F=free, A=archive, TAMS=top-at-mark-start (previous, next)
|   0|0x0000000080000000, 0x0000000080100000, 0x0000000080100000|100%| O|  |TAMS 0x0000000080100000, 0x0000000080100000| Untracked 
|   1|0x0000000080100000, 0x0000000080200000, 0x0000000080200000|100%| O|  |TAMS 0x0000000080200000, 0x0000000080200000| Untracked 
|   2|0x0000000080200000, 0x0000000080300000, 0x0000000080300000|100%| O|  |TAMS 0x0000000080300000, 0x0000000080300000| Untracked 
|   3|0x0000000080300000, 0x0000000080400000, 0x0000000080400000|100%|HS|  |TAMS 0x0000000080400000, 0x0000000080400000| Complete 
|   4|0x0000000080400000, 0x0000000080500000, 0x0000000080500000|100%|HC|  |TAMS 0x0000000080500000, 0x0000000080500000| Complete 
|   5|0x0000000080500000, 0x0000000080600000, 0x0000000080600000|100%|HC|  |TAMS 0x0000000080600000, 0x0000000080600000| Complete 
|   6|0x0000000080600000, 0x0000000080700000, 0x0000000080700000|100%| O|  |TAMS 0x0000000080700000, 0x0000000080700000| Untracked 
|   7|0x0000000080700000, 0x0000000080800000, 0x0000000080800000|100%| O|  |TAMS 0x0000000080800000, 0x0000000080800000| Untracked 
|   8|0x0000000080800000, 0x0000000080900000, 0x0000000080900000|100%| O|  |TAMS 0x0000000080900000, 0x0000000080900000| Untracked 
|   9|0x0000000080900000, 0x0000000080a00000, 0x0000000080a00000|100%| O|  |TAMS 0x0000000080a00000, 0x0000000080a00000| Untracked 
|  10|0x0000000080a00000, 0x0000000080b00000, 0x0000000080b00000|100%| O|  |TAMS 0x0000000080b00000, 0x0000000080b00000| Untracked 
|  11|0x0000000080b00000, 0x0000000080c00000, 0x0000000080c00000|100%| O|  |TAMS 0x0000000080c00000, 0x0000000080c00000| Untracked 
|  12|0x0000000080c00000, 0x0000000080d00000, 0x0000000080d00000|100%| O|  |TAMS 0x0000000080d00000, 0x0000000080d00000| Untracked 
|  13|0x0000000080d00000, 0x0000000080e00000, 0x0000000080e00000|100%| O|  |TAMS 0x0000000080e00000, 0x0000000080e00000| Untracked 
|  14|0x0000000080e00000, 0x0000000080f00000, 0x0000000080f00000|100%| O|  |TAMS 0x0000000080f00000, 0x0000000080f00000| Untracked 
|  15|0x0000000080f00000, 0x0000000081000000, 0x0000000081000000|100%| O|  |TAMS 0x0000000080f20600, 0x0000000081000000| Untracked 
|  16|0x0000000081000000, 0x0000000081100000, 0x0000000081100000|100%|HS|  |TAMS 0x0000000081000000, 0x0000000081100000| Complete 
|  17|0x0000000081100000, 0x0000000081200000, 0x0000000081200000|100%| O|  |TAMS 0x0000000081100000, 0x0000000081200000| Untracked 
|  18|0x0000000081200000, 0x0000000081300000, 0x0000000081300000|100%| O|  |TAMS 0x0000000081200000, 0x0000000081300000| Untracked 
|  19|0x0000000081300000, 0x0000000081400000, 0x0000000081400000|100%| O|  |TAMS 0x0000000081300000, 0x0000000081400000| Untracked 
|  20|0x0000000081400000, 0x0000000081500000, 0x0000000081500000|100%| O|  |TAMS 0x0000000081400000, 0x0000000081500000| Untracked 
|  21|0x0000000081500000, 0x0000000081600000, 0x0000000081600000|100%| O|  |TAMS 0x0000000081500000, 0x0000000081600000| Untracked 
|  22|0x0000000081600000, 0x0000000081700000, 0x0000000081700000|100%| O|  |TAMS 0x0000000081600000, 0x0000000081700000| Untracked 
|  23|0x0000000081700000, 0x0000000081800000, 0x0000000081800000|100%|HS|  |TAMS 0x0000000081700000, 0x0000000081800000| Complete 
|  24|0x0000000081800000, 0x0000000081900000, 0x0000000081900000|100%|HC|  |TAMS 0x0000000081800000, 0x0000000081900000| Complete 
|  25|0x0000000081900000, 0x0000000081a00000, 0x0000000081a00000|100%| O|  |TAMS 0x0000000081900000, 0x0000000081a00000| Untracked 
|  26|0x0000000081a00000, 0x0000000081b00000, 0x0000000081b00000|100%| O|  |TAMS 0x0000000081a00000, 0x0000000081b00000| Untracked 
|  27|0x0000000081b00000, 0x0000000081c00000, 0x0000000081c00000|100%| O|  |TAMS 0x0000000081b00000, 0x0000000081c00000| Untracked 
|  28|0x0000000081c00000, 0x0000000081d00000, 0x0000000081d00000|100%| O|  |TAMS 0x0000000081c00000, 0x0000000081d00000| Untracked 
|  29|0x0000000081d00000, 0x0000000081e00000, 0x0000000081e00000|100%| O|  |TAMS 0x0000000081d00000, 0x0000000081e00000| Untracked 
|  30|0x0000000081e00000, 0x0000000081f00000, 0x0000000081f00000|100%| O|  |TAMS 0x0000000081e00000, 0x0000000081f00000| Untracked 
|  31|0x0000000081f00000, 0x0000000082000000, 0x0000000082000000|100%| O|  |TAMS 0x0000000081f00000, 0x0000000082000000| Untracked 
|  32|0x0000000082000000, 0x00000000820afa00, 0x0000000082100000| 68%| O|  |TAMS 0x0000000082000000, 0x00000000820afa00| Untracked 
|  33|0x0000000082100000, 0x0000000082100000, 0x0000000082200000|  0%| F|  |TAMS 0x0000000082100000, 0x0000000082100000| Untracked 
|  34|0x0000000082200000, 0x0000000082200000, 0x0000000082300000|  0%| F|  |TAMS 0x0000000082200000, 0x0000000082200000| Untracked 
|  35|0x0000000082300000, 0x0000000082300000, 0x0000000082400000|  0%| F|  |TAMS 0x0000000082300000, 0x0000000082300000| Untracked 
|  36|0x0000000082400000, 0x0000000082400000, 0x0000000082500000|  0%| F|  |TAMS 0x0000000082400000, 0x0000000082400000| Untracked 
|  37|0x0000000082500000, 0x0000000082500000, 0x0000000082600000|  0%| F|  |TAMS 0x0000000082500000, 0x0000000082500000| Untracked 
|  38|0x0000000082600000, 0x0000000082600000, 0x0000000082700000|  0%| F|  |TAMS 0x0000000082600000, 0x0000000082600000| Untracked 
|  39|0x0000000082700000, 0x0000000082700000, 0x0000000082800000|  0%| F|  |TAMS 0x0000000082700000, 0x0000000082700000| Untracked 
|  40|0x0000000082800000, 0x0000000082800000, 0x0000000082900000|  0%| F|  |TAMS 0x0000000082800000, 0x0000000082800000| Untracked 
|  41|0x0000000082900000, 0x0000000082900000, 0x0000000082a00000|  0%| F|  |TAMS 0x0000000082900000, 0x0000000082900000| Untracked 
|  42|0x0000000082a00000, 0x0000000082a00000, 0x0000000082b00000|  0%| F|  |TAMS 0x0000000082a00000, 0x0000000082a00000| Untracked 
|  43|0x0000000082b00000, 0x0000000082b00000, 0x0000000082c00000|  0%| F|  |TAMS 0x0000000082b00000, 0x0000000082b00000| Untracked 
|  44|0x0000000082c00000, 0x0000000082c00000, 0x0000000082d00000|  0%| F|  |TAMS 0x0000000082c00000, 0x0000000082c00000| Untracked 
|  45|0x0000000082d00000, 0x0000000082d00000, 0x0000000082e00000|  0%| F|  |TAMS 0x0000000082d00000, 0x0000000082d00000| Untracked 
|  46|0x0000000082e00000, 0x0000000082e00000, 0x0000000082f00000|  0%| F|  |TAMS 0x0000000082e00000, 0x0000000082e00000| Untracked 
|  47|0x0000000082f00000, 0x0000000082f00000, 0x0000000083000000|  0%| F|  |TAMS 0x0000000082f00000, 0x0000000082f00000| Untracked 
|  48|0x0000000083000000, 0x0000000083000000, 0x0000000083100000|  0%| F|  |TAMS 0x0000000083000000, 0x0000000083000000| Untracked 
|  49|0x0000000083100000, 0x0000000083100000, 0x0000000083200000|  0%| F|  |TAMS 0x0000000083100000, 0x0000000083100000| Untracked 
|  50|0x0000000083200000, 0x0000000083200000, 0x0000000083300000|  0%| F|  |TAMS 0x0000000083200000, 0x0000000083200000| Untracked 
|  51|0x0000000083300000, 0x0000000083300000, 0x0000000083400000|  0%| F|  |TAMS 0x0000000083300000, 0x0000000083300000| Untracked 
|  52|0x0000000083400000, 0x0000000083400000, 0x0000000083500000|  0%| F|  |TAMS 0x0000000083400000, 0x0000000083400000| Untracked 
|  53|0x0000000083500000, 0x0000000083500000, 0x0000000083600000|  0%| F|  |TAMS 0x0000000083500000, 0x0000000083500000| Untracked 
|  54|0x0000000083600000, 0x0000000083600000, 0x0000000083700000|  0%| F|  |TAMS 0x0000000083600000, 0x0000000083600000| Untracked 
|  55|0x0000000083700000, 0x0000000083700000, 0x0000000083800000|  0%| F|  |TAMS 0x0000000083700000, 0x0000000083700000| Untracked 
|  56|0x0000000083800000, 0x0000000083800000, 0x0000000083900000|  0%| F|  |TAMS 0x0000000083800000, 0x0000000083800000| Untracked 
|  57|0x0000000083900000, 0x0000000083900000, 0x0000000083a00000|  0%| F|  |TAMS 0x0000000083900000, 0x0000000083900000| Untracked 
|  58|0x0000000083a00000, 0x0000000083a00000, 0x0000000083b00000|  0%| F|  |TAMS 0x0000000083a00000, 0x0000000083a00000| Untracked 
|  59|0x0000000083b00000, 0x0000000083b00000, 0x0000000083c00000|  0%| F|  |TAMS 0x0000000083b00000, 0x0000000083b00000| Untracked 
|  60|0x0000000083c00000, 0x0000000083c00000, 0x0000000083d00000|  0%| F|  |TAMS 0x0000000083c00000, 0x0000000083c00000| Untracked 
|  61|0x0000000083d00000, 0x0000000083d00000, 0x0000000083e00000|  0%| F|  |TAMS 0x0000000083d00000, 0x0000000083d00000| Untracked 
|  62|0x0000000083e00000, 0x0000000083e00000, 0x0000000083f00000|  0%| F|  |TAMS 0x0000000083e00000, 0x0000000083e00000| Untracked 
|  63|0x0000000083f00000, 0x0000000083f00000, 0x0000000084000000|  0%| F|  |TAMS 0x0000000083f00000, 0x0000000083f00000| Untracked 
|  64|0x0000000084000000, 0x0000000084000000, 0x0000000084100000|  0%| F|  |TAMS 0x0000000084000000, 0x0000000084000000| Untracked 
|  65|0x0000000084100000, 0x0000000084100000, 0x0000000084200000|  0%| F|  |TAMS 0x0000000084100000, 0x0000000084100000| Untracked 
|  66|0x0000000084200000, 0x0000000084200000, 0x0000000084300000|  0%| F|  |TAMS 0x0000000084200000, 0x0000000084200000| Untracked 
|  67|0x0000000084300000, 0x0000000084300000, 0x0000000084400000|  0%| F|  |TAMS 0x0000000084300000, 0x0000000084300000| Untracked 
|  68|0x0000000084400000, 0x0000000084400000, 0x0000000084500000|  0%| F|  |TAMS 0x0000000084400000, 0x0000000084400000| Untracked 
|  69|0x0000000084500000, 0x0000000084500000, 0x0000000084600000|  0%| F|  |TAMS 0x0000000084500000, 0x0000000084500000| Untracked 
|  70|0x0000000084600000, 0x0000000084600000, 0x0000000084700000|  0%| F|  |TAMS 0x0000000084600000, 0x0000000084600000| Untracked 
|  71|0x0000000084700000, 0x0000000084700000, 0x0000000084800000|  0%| F|  |TAMS 0x0000000084700000, 0x0000000084700000| Untracked 
|  72|0x0000000084800000, 0x0000000084800000, 0x0000000084900000|  0%| F|  |TAMS 0x0000000084800000, 0x0000000084800000| Untracked 
|  73|0x0000000084900000, 0x0000000084900000, 0x0000000084a00000|  0%| F|  |TAMS 0x0000000084900000, 0x0000000084900000| Untracked 
|  74|0x0000000084a00000, 0x0000000084a00000, 0x0000000084b00000|  0%| F|  |TAMS 0x0000000084a00000, 0x0000000084a00000| Untracked 
|  75|0x0000000084b00000, 0x0000000084b00000, 0x0000000084c00000|  0%| F|  |TAMS 0x0000000084b00000, 0x0000000084b00000| Untracked 
|  76|0x0000000084c00000, 0x0000000084c00000, 0x0000000084d00000|  0%| F|  |TAMS 0x0000000084c00000, 0x0000000084c00000| Untracked 
|  77|0x0000000084d00000, 0x0000000084d00000, 0x0000000084e00000|  0%| F|  |TAMS 0x0000000084d00000, 0x0000000084d00000| Untracked 
|  78|0x0000000084e00000, 0x0000000084e00000, 0x0000000084f00000|  0%| F|  |TAMS 0x0000000084e00000, 0x0000000084e00000| Untracked 
|  79|0x0000000084f00000, 0x0000000084f00000, 0x0000000085000000|  0%| F|  |TAMS 0x0000000084f00000, 0x0000000084f00000| Untracked 
|  80|0x0000000085000000, 0x0000000085000000, 0x0000000085100000|  0%| F|  |TAMS 0x0000000085000000, 0x0000000085000000| Untracked 
|  81|0x0000000085100000, 0x0000000085100000, 0x0000000085200000|  0%| F|  |TAMS 0x0000000085100000, 0x0000000085100000| Untracked 
|  82|0x0000000085200000, 0x0000000085200000, 0x0000000085300000|  0%| F|  |TAMS 0x0000000085200000, 0x0000000085200000| Untracked 
|  83|0x0000000085300000, 0x0000000085300000, 0x0000000085400000|  0%| F|  |TAMS 0x0000000085300000, 0x0000000085300000| Untracked 
|  84|0x0000000085400000, 0x0000000085400000, 0x0000000085500000|  0%| F|  |TAMS 0x0000000085400000, 0x0000000085400000| Untracked 
|  85|0x0000000085500000, 0x0000000085500000, 0x0000000085600000|  0%| F|  |TAMS 0x0000000085500000, 0x0000000085500000| Untracked 
|  86|0x0000000085600000, 0x0000000085600000, 0x0000000085700000|  0%| F|  |TAMS 0x0000000085600000, 0x0000000085600000| Untracked 
|  87|0x0000000085700000, 0x0000000085700000, 0x0000000085800000|  0%| F|  |TAMS 0x0000000085700000, 0x0000000085700000| Untracked 
|  88|0x0000000085800000, 0x0000000085800000, 0x0000000085900000|  0%| F|  |TAMS 0x0000000085800000, 0x0000000085800000| Untracked 
|  89|0x0000000085900000, 0x0000000085900000, 0x0000000085a00000|  0%| F|  |TAMS 0x0000000085900000, 0x0000000085900000| Untracked 
|  90|0x0000000085a00000, 0x0000000085a00000, 0x0000000085b00000|  0%| F|  |TAMS 0x0000000085a00000, 0x0000000085a00000| Untracked 
|  91|0x0000000085b00000, 0x0000000085b00000, 0x0000000085c00000|  0%| F|  |TAMS 0x0000000085b00000, 0x0000000085b00000| Untracked 
|  92|0x0000000085c00000, 0x0000000085c00000, 0x0000000085d00000|  0%| F|  |TAMS 0x0000000085c00000, 0x0000000085c00000| Untracked 
|  93|0x0000000085d00000, 0x0000000085d00000, 0x0000000085e00000|  0%| F|  |TAMS 0x0000000085d00000, 0x0000000085d00000| Untracked 
|  94|0x0000000085e00000, 0x0000000085e00000, 0x0000000085f00000|  0%| F|  |TAMS 0x0000000085e00000, 0x0000000085e00000| Untracked 
|  95|0x0000000085f00000, 0x0000000085f00000, 0x0000000086000000|  0%| F|  |TAMS 0x0000000085f00000, 0x0000000085f00000| Untracked 
|  96|0x0000000086000000, 0x0000000086000000, 0x0000000086100000|  0%| F|  |TAMS 0x0000000086000000, 0x0000000086000000| Untracked 
|  97|0x0000000086100000, 0x0000000086100000, 0x0000000086200000|  0%| F|  |TAMS 0x0000000086100000, 0x0000000086100000| Untracked 
|  98|0x0000000086200000, 0x0000000086200000, 0x0000000086300000|  0%| F|  |TAMS 0x0000000086200000, 0x0000000086200000| Untracked 
|  99|0x0000000086300000, 0x0000000086300000, 0x0000000086400000|  0%| F|  |TAMS 0x0000000086300000, 0x0000000086300000| Untracked 
| 100|0x0000000086400000, 0x0000000086400000, 0x0000000086500000|  0%| F|  |TAMS 0x0000000086400000, 0x0000000086400000| Untracked 
| 101|0x0000000086500000, 0x0000000086500000, 0x0000000086600000|  0%| F|  |TAMS 0x0000000086500000, 0x0000000086500000| Untracked 
| 102|0x0000000086600000, 0x0000000086600000, 0x0000000086700000|  0%| F|  |TAMS 0x0000000086600000, 0x0000000086600000| Untracked 
| 103|0x0000000086700000, 0x0000000086700000, 0x0000000086800000|  0%| F|  |TAMS 0x0000000086700000, 0x0000000086700000| Untracked 
| 104|0x0000000086800000, 0x0000000086800000, 0x0000000086900000|  0%| F|  |TAMS 0x0000000086800000, 0x0000000086800000| Untracked 
| 105|0x0000000086900000, 0x0000000086900000, 0x0000000086a00000|  0%| F|  |TAMS 0x0000000086900000, 0x0000000086900000| Untracked 
| 106|0x0000000086a00000, 0x0000000086a00000, 0x0000000086b00000|  0%| F|  |TAMS 0x0000000086a00000, 0x0000000086a00000| Untracked 
| 107|0x0000000086b00000, 0x0000000086b00000, 0x0000000086c00000|  0%| F|  |TAMS 0x0000000086b00000, 0x0000000086b00000| Untracked 
| 108|0x0000000086c00000, 0x0000000086c00000, 0x0000000086d00000|  0%| F|  |TAMS 0x0000000086c00000, 0x0000000086c00000| Untracked 
| 109|0x0000000086d00000, 0x0000000086d00000, 0x0000000086e00000|  0%| F|  |TAMS 0x0000000086d00000, 0x0000000086d00000| Untracked 
| 110|0x0000000086e00000, 0x0000000086e00000, 0x0000000086f00000|  0%| F|  |TAMS 0x0000000086e00000, 0x0000000086e00000| Untracked 
| 111|0x0000000086f00000, 0x0000000086f00000, 0x0000000087000000|  0%| F|  |TAMS 0x0000000086f00000, 0x0000000086f00000| Untracked 
| 112|0x0000000087000000, 0x0000000087000000, 0x0000000087100000|  0%| F|  |TAMS 0x0000000087000000, 0x0000000087000000| Untracked 
| 113|0x0000000087100000, 0x0000000087100000, 0x0000000087200000|  0%| F|  |TAMS 0x0000000087100000, 0x0000000087100000| Untracked 
| 114|0x0000000087200000, 0x0000000087200000, 0x0000000087300000|  0%| F|  |TAMS 0x0000000087200000, 0x0000000087200000| Untracked 
| 115|0x0000000087300000, 0x0000000087300000, 0x0000000087400000|  0%| F|  |TAMS 0x0000000087300000, 0x0000000087300000| Untracked 
| 116|0x0000000087400000, 0x0000000087400000, 0x0000000087500000|  0%| F|  |TAMS 0x0000000087400000, 0x0000000087400000| Untracked 
| 117|0x0000000087500000, 0x0000000087500000, 0x0000000087600000|  0%| F|  |TAMS 0x0000000087500000, 0x0000000087500000| Untracked 
| 118|0x0000000087600000, 0x0000000087600000, 0x0000000087700000|  0%| F|  |TAMS 0x0000000087600000, 0x0000000087600000| Untracked 
| 119|0x0000000087700000, 0x0000000087700000, 0x0000000087800000|  0%| F|  |TAMS 0x0000000087700000, 0x0000000087700000| Untracked 
| 120|0x0000000087800000, 0x00000000878e0d70, 0x0000000087900000| 87%| S|CS|TAMS 0x0000000087800000, 0x0000000087800000| Complete 
| 121|0x0000000087900000, 0x0000000087a00000, 0x0000000087a00000|100%| S|CS|TAMS 0x0000000087900000, 0x0000000087900000| Complete 
| 122|0x0000000087a00000, 0x0000000087a00000, 0x0000000087b00000|  0%| F|  |TAMS 0x0000000087a00000, 0x0000000087a00000| Untracked 
| 123|0x0000000087b00000, 0x0000000087b00000, 0x0000000087c00000|  0%| F|  |TAMS 0x0000000087b00000, 0x0000000087b00000| Untracked 
| 124|0x0000000087c00000, 0x0000000087c00000, 0x0000000087d00000|  0%| F|  |TAMS 0x0000000087c00000, 0x0000000087c00000| Untracked 
| 125|0x0000000087d00000, 0x0000000087d00000, 0x0000000087e00000|  0%| F|  |TAMS 0x0000000087d00000, 0x0000000087d00000| Untracked 

Card table byte_map: [0x000001ba0f740000,0x000001ba0fb40000] _byte_map_base: 0x000001ba0f340000

Marking Bits (Prev, Next): (CMBitMap*) 0x000001ba7c51c358, (CMBitMap*) 0x000001ba7c51c390
 Prev Bits: [0x000001ba0ff40000, 0x000001ba11f40000)
 Next Bits: [0x000001ba11f40000, 0x000001ba13f40000)

Polling page: 0x000001ba7bcc0000

Metaspace:

Usage:
  Non-class:     38.50 MB capacity,    37.88 MB ( 98%) used,   533.16 KB (  1%) free+waste,    99.88 KB ( <1%) overhead. 
      Class:      5.97 MB capacity,     5.58 MB ( 93%) used,   354.88 KB (  6%) free+waste,    48.06 KB ( <1%) overhead. 
       Both:     44.46 MB capacity,    43.45 MB ( 98%) used,   888.04 KB (  2%) free+waste,   147.94 KB ( <1%) overhead. 

Virtual space:
  Non-class space:       46.00 MB reserved,      38.50 MB ( 84%) committed 
      Class space:        1.00 GB reserved,       6.00 MB ( <1%) committed 
             Both:        1.04 GB reserved,      44.50 MB (  4%) committed 

Chunk freelists:
   Non-Class:  5.00 KB
       Class:  0 bytes
        Both:  5.00 KB

MaxMetaspaceSize: 17179869184.00 GB
CompressedClassSpaceSize: 1.00 GB

CodeHeap 'non-profiled nmethods': size=120000Kb used=2401Kb max_used=2401Kb free=117598Kb
 bounds [0x000001ba07ad0000, 0x000001ba07d40000, 0x000001ba0f000000]
CodeHeap 'profiled nmethods': size=120000Kb used=8651Kb max_used=8651Kb free=111348Kb
 bounds [0x000001ba005a0000, 0x000001ba00e20000, 0x000001ba07ad0000]
CodeHeap 'non-nmethods': size=5760Kb used=2211Kb max_used=2255Kb free=3548Kb
 bounds [0x000001ba00000000, 0x000001ba00270000, 0x000001ba005a0000]
 total_blobs=5107 nmethods=4348 adapters=670
 compilation: enabled
              stopped_count=0, restarted_count=0
 full_count=0

Compilation events (20 events):
Event: 6.838 Thread 0x000001ba169a7800 4339       1       java.io.ObjectStreamClass$WeakClassKey::hashCode (5 bytes)
Event: 6.838 Thread 0x000001ba169a7800 nmethod 4339 0x000001ba07d27110 code [0x000001ba07d272c0, 0x000001ba07d27378]
Event: 6.841 Thread 0x000001ba169a7800 4340       3       java.lang.Class::getDeclaredMethod (63 bytes)
Event: 6.842 Thread 0x000001ba169a2000 4343       4       jdk.internal.reflect.ClassFileAssembler::cpi (22 bytes)
Event: 6.842 Thread 0x000001ba169a7800 nmethod 4340 0x000001ba00e10a10 code [0x000001ba00e10cc0, 0x000001ba00e117a8]
Event: 6.842 Thread 0x000001ba169a7800 4341       1       java.lang.StackTraceElement::getLineNumber (5 bytes)
Event: 6.842 Thread 0x000001ba169a2000 nmethod 4343 0x000001ba07d27410 code [0x000001ba07d275a0, 0x000001ba07d27618]
Event: 6.842 Thread 0x000001ba169a7800 nmethod 4341 0x000001ba07d27690 code [0x000001ba07d27840, 0x000001ba07d278f8]
Event: 6.842 Thread 0x000001ba169a7800 4342       1       java.lang.StackTraceElement::getFileName (5 bytes)
Event: 6.842 Thread 0x000001ba169a7800 nmethod 4342 0x000001ba07d27990 code [0x000001ba07d27b40, 0x000001ba07d27bf8]
Event: 6.843 Thread 0x000001ba169a2000 4344       4       jdk.internal.reflect.ReflectionFactory::langReflectAccess (15 bytes)
Event: 6.843 Thread 0x000001ba169a2000 nmethod 4344 0x000001ba07d27c90 code [0x000001ba07d27e20, 0x000001ba07d27e98]
Event: 6.844 Thread 0x000001ba169a7800 4345       3       jdk.internal.reflect.ClassFileAssembler::opc_invokespecial (26 bytes)
Event: 6.844 Thread 0x000001ba169a7800 nmethod 4345 0x000001ba00e11b90 code [0x000001ba00e11da0, 0x000001ba00e122c8]
Event: 6.844 Thread 0x000001ba169a7800 4346       3       jdk.internal.reflect.ClassFileAssembler::emitInt (46 bytes)
Event: 6.844 Thread 0x000001ba169a7800 nmethod 4346 0x000001ba00e12590 code [0x000001ba00e127c0, 0x000001ba00e12c98]
Event: 6.844 Thread 0x000001ba169a7800 4347       1       java.io.ObjectStreamClass$FieldReflectorKey::hashCode (5 bytes)
Event: 6.844 Thread 0x000001ba169a7800 nmethod 4347 0x000001ba07d27f10 code [0x000001ba07d280c0, 0x000001ba07d28178]
Event: 6.845 Thread 0x000001ba169a7800 4348       1       java.lang.StackTraceElement::getClassName (5 bytes)
Event: 6.845 Thread 0x000001ba169a7800 nmethod 4348 0x000001ba07d28210 code [0x000001ba07d283c0, 0x000001ba07d28478]

GC Heap History (15 events):
Event: 0.795 GC heap before
{Heap before GC invocations=0 (full 0):
 garbage-first heap   total 129024K, used 29696K [0x0000000080000000, 0x0000000100000000)
  region size 1024K, 24 young (24576K), 0 survivors (0K)
 Metaspace       used 10680K, capacity 10938K, committed 11264K, reserved 1058816K
  class space    used 1130K, capacity 1202K, committed 1280K, reserved 1048576K
}
Event: 0.800 GC heap after
{Heap after GC invocations=1 (full 0):
 garbage-first heap   total 129024K, used 8724K [0x0000000080000000, 0x0000000100000000)
  region size 1024K, 3 young (3072K), 3 survivors (3072K)
 Metaspace       used 10680K, capacity 10938K, committed 11264K, reserved 1058816K
  class space    used 1130K, capacity 1202K, committed 1280K, reserved 1048576K
}
Event: 2.258 GC heap before
{Heap before GC invocations=1 (full 0):
 garbage-first heap   total 129024K, used 81428K [0x0000000080000000, 0x0000000100000000)
  region size 1024K, 75 young (76800K), 3 survivors (3072K)
 Metaspace       used 18890K, capacity 19266K, committed 19456K, reserved 1067008K
  class space    used 2300K, capacity 2458K, committed 2560K, reserved 1048576K
}
Event: 2.264 GC heap after
{Heap after GC invocations=2 (full 0):
 garbage-first heap   total 129024K, used 15423K [0x0000000080000000, 0x0000000100000000)
  region size 1024K, 10 young (10240K), 10 survivors (10240K)
 Metaspace       used 18890K, capacity 19266K, committed 19456K, reserved 1067008K
  class space    used 2300K, capacity 2458K, committed 2560K, reserved 1048576K
}
Event: 2.385 GC heap before
{Heap before GC invocations=2 (full 0):
 garbage-first heap   total 129024K, used 27711K [0x0000000080000000, 0x0000000100000000)
  region size 1024K, 23 young (23552K), 10 survivors (10240K)
 Metaspace       used 20666K, capacity 21131K, committed 21248K, reserved 1067008K
  class space    used 2553K, capacity 2744K, committed 2816K, reserved 1048576K
}
Event: 2.391 GC heap after
{Heap after GC invocations=3 (full 0):
 garbage-first heap   total 129024K, used 16270K [0x0000000080000000, 0x0000000100000000)
  region size 1024K, 1 young (1024K), 1 survivors (1024K)
 Metaspace       used 20666K, capacity 21131K, committed 21248K, reserved 1067008K
  class space    used 2553K, capacity 2744K, committed 2816K, reserved 1048576K
}
Event: 3.046 GC heap before
{Heap before GC invocations=4 (full 0):
 garbage-first heap   total 129024K, used 69518K [0x0000000080000000, 0x0000000100000000)
  region size 1024K, 53 young (54272K), 1 survivors (1024K)
 Metaspace       used 26517K, capacity 27146K, committed 27264K, reserved 1073152K
  class space    used 3493K, capacity 3711K, committed 3712K, reserved 1048576K
}
Event: 3.049 GC heap after
{Heap after GC invocations=5 (full 0):
 garbage-first heap   total 129024K, used 18079K [0x0000000080000000, 0x0000000100000000)
  region size 1024K, 3 young (3072K), 3 survivors (3072K)
 Metaspace       used 26517K, capacity 27146K, committed 27264K, reserved 1073152K
  class space    used 3493K, capacity 3711K, committed 3712K, reserved 1048576K
}
Event: 3.901 GC heap before
{Heap before GC invocations=5 (full 0):
 garbage-first heap   total 129024K, used 64159K [0x0000000080000000, 0x0000000100000000)
  region size 1024K, 50 young (51200K), 3 survivors (3072K)
 Metaspace       used 35158K, capacity 35828K, committed 35840K, reserved 1081344K
  class space    used 4582K, capacity 4859K, committed 4864K, reserved 1048576K
}
Event: 3.910 GC heap after
{Heap after GC invocations=6 (full 0):
 garbage-first heap   total 129024K, used 21558K [0x0000000080000000, 0x0000000100000000)
  region size 1024K, 6 young (6144K), 6 survivors (6144K)
 Metaspace       used 35158K, capacity 35828K, committed 35840K, reserved 1081344K
  class space    used 4582K, capacity 4859K, committed 4864K, reserved 1048576K
}
Event: 5.268 GC heap before
{Heap before GC invocations=7 (full 0):
 garbage-first heap   total 129024K, used 85046K [0x0000000080000000, 0x0000000100000000)
  region size 1024K, 65 young (66560K), 6 survivors (6144K)
 Metaspace       used 41206K, capacity 42097K, committed 42240K, reserved 1085440K
  class space    used 5287K, capacity 5578K, committed 5632K, reserved 1048576K
}
Event: 5.275 GC heap after
{Heap after GC invocations=8 (full 0):
 garbage-first heap   total 129024K, used 24776K [0x0000000080000000, 0x0000000100000000)
  region size 1024K, 7 young (7168K), 7 survivors (7168K)
 Metaspace       used 41206K, capacity 42097K, committed 42240K, reserved 1085440K
  class space    used 5287K, capacity 5578K, committed 5632K, reserved 1048576K
}
Event: 6.653 GC heap before
{Heap before GC invocations=8 (full 0):
 garbage-first heap   total 129024K, used 86216K [0x0000000080000000, 0x0000000100000000)
  region size 1024K, 67 young (68608K), 7 survivors (7168K)
 Metaspace       used 44304K, capacity 45307K, committed 45568K, reserved 1089536K
  class space    used 5680K, capacity 6029K, committed 6144K, reserved 1048576K
}
Event: 6.668 GC heap after
{Heap after GC invocations=9 (full 0):
 garbage-first heap   total 129024K, used 31913K [0x0000000080000000, 0x0000000100000000)
  region size 1024K, 9 young (9216K), 9 survivors (9216K)
 Metaspace       used 44304K, capacity 45307K, committed 45568K, reserved 1089536K
  class space    used 5680K, capacity 6029K, committed 6144K, reserved 1048576K
}
Event: 6.847 GC heap before
{Heap before GC invocations=9 (full 0):
 garbage-first heap   total 129024K, used 37033K [0x0000000080000000, 0x0000000100000000)
  region size 1024K, 13 young (13312K), 9 survivors (9216K)
 Metaspace       used 44496K, capacity 45532K, committed 45568K, reserved 1095680K
  class space    used 5710K, capacity 6113K, committed 6144K, reserved 1048576K
}

Deoptimization events (20 events):
Event: 6.041 Thread 0x000001ba19623800 DEOPT PACKING pc=0x000001ba0089b7da sp=0x0000008c924fe720
Event: 6.041 Thread 0x000001ba19623800 DEOPT UNPACKING pc=0x000001ba00028ede sp=0x0000008c924fdbb8 mode 0
Event: 6.074 Thread 0x000001ba18c97800 Uncommon trap: trap_request=0xffffffcc fr.pc=0x000001ba07d021b0 relative=0x00000000000010f0
Event: 6.075 Thread 0x000001ba18c97800 Uncommon trap: reason=intrinsic_or_type_checked_inlining action=make_not_entrant pc=0x000001ba07d021b0 method=java.util.ArrayList.toArray([Ljava/lang/Object;)[Ljava/lang/Object; @ 36 c2
Event: 6.075 Thread 0x000001ba18c97800 DEOPT PACKING pc=0x000001ba07d021b0 sp=0x0000008c930fdfb0
Event: 6.075 Thread 0x000001ba18c97800 DEOPT UNPACKING pc=0x000001ba000083af sp=0x0000008c930fdf08 mode 2
Event: 6.450 Thread 0x000001ba19624800 DEOPT PACKING pc=0x000001ba0094d77a sp=0x0000008c921fe160
Event: 6.450 Thread 0x000001ba19624800 DEOPT UNPACKING pc=0x000001ba00028ede sp=0x0000008c921fd598 mode 0
Event: 6.459 Thread 0x000001ba1a328800 DEOPT PACKING pc=0x000001ba0062fd34 sp=0x0000008c918f9d70
Event: 6.459 Thread 0x000001ba1a328800 DEOPT UNPACKING pc=0x000001ba00028ede sp=0x0000008c918f92c0 mode 0
Event: 6.496 Thread 0x000001ba1a328800 Uncommon trap: trap_request=0xffffff4d fr.pc=0x000001ba07c854d4 relative=0x0000000000001b54
Event: 6.496 Thread 0x000001ba1a328800 Uncommon trap: reason=unstable_if action=reinterpret pc=0x000001ba07c854d4 method=org.codehaus.groovy.runtime.metaclass.MetaMethodIndex.addMethodToList(Ljava/lang/Object;Lgroovy/lang/MetaMethod;)Ljava/lang/Object; @ 226 c2
Event: 6.496 Thread 0x000001ba1a328800 DEOPT PACKING pc=0x000001ba07c854d4 sp=0x0000008c918f9e60
Event: 6.496 Thread 0x000001ba1a328800 DEOPT UNPACKING pc=0x000001ba000083af sp=0x0000008c918f9e20 mode 2
Event: 6.552 Thread 0x000001ba1a328800 DEOPT PACKING pc=0x000001ba00df282a sp=0x0000008c918f2150
Event: 6.552 Thread 0x000001ba1a328800 DEOPT UNPACKING pc=0x000001ba00028ede sp=0x0000008c918f1740 mode 0
Event: 6.592 Thread 0x000001ba1a328800 DEOPT PACKING pc=0x000001ba00df282a sp=0x0000008c918f20e0
Event: 6.592 Thread 0x000001ba1a328800 DEOPT UNPACKING pc=0x000001ba00028ede sp=0x0000008c918f16b8 mode 0
Event: 6.682 Thread 0x000001ba1a328800 DEOPT PACKING pc=0x000001ba00df282a sp=0x0000008c918f20e0
Event: 6.682 Thread 0x000001ba1a328800 DEOPT UNPACKING pc=0x000001ba00028ede sp=0x0000008c918f16b8 mode 0

Classes redefined (0 events):
No events

Internal exceptions (20 events):
Event: 6.793 Thread 0x000001ba1a328800 Exception <a 'java/security/PrivilegedActionException'{0x0000000087c65b70}> (0x0000000087c65b70) thrown at [./src/hotspot/share/prims/jvm.cpp, line 1306]
Event: 6.793 Thread 0x000001ba1a328800 Exception <a 'java/security/PrivilegedActionException'{0x0000000087c68548}> (0x0000000087c68548) thrown at [./src/hotspot/share/prims/jvm.cpp, line 1306]
Event: 6.793 Thread 0x000001ba1a328800 Exception <a 'java/security/PrivilegedActionException'{0x0000000087c69560}> (0x0000000087c69560) thrown at [./src/hotspot/share/prims/jvm.cpp, line 1306]
Event: 6.794 Thread 0x000001ba1a328800 Exception <a 'java/security/PrivilegedActionException'{0x0000000087c6bf98}> (0x0000000087c6bf98) thrown at [./src/hotspot/share/prims/jvm.cpp, line 1306]
Event: 6.794 Thread 0x000001ba1a328800 Exception <a 'java/security/PrivilegedActionException'{0x0000000087c6cfb0}> (0x0000000087c6cfb0) thrown at [./src/hotspot/share/prims/jvm.cpp, line 1306]
Event: 6.816 Thread 0x000001ba1a328800 Exception <a 'java/lang/OutOfMemoryError'{0x0000000087cb5260}> (0x0000000087cb5260) thrown at [./src/hotspot/share/prims/jni.cpp, line 636]
Event: 6.818 Thread 0x000001ba1a328800 Exception <a 'java/lang/OutOfMemoryError'{0x0000000087cb5260}> (0x0000000087cb5260) thrown at [./src/hotspot/share/prims/jvm.cpp, line 1310]
Event: 6.818 Thread 0x000001ba1a328800 Exception <a 'java/lang/OutOfMemoryError'{0x0000000087cb5260}> (0x0000000087cb5260) thrown at [./src/hotspot/share/prims/jvm.cpp, line 1310]
Event: 6.818 Thread 0x000001ba1a328800 Exception <a 'java/lang/OutOfMemoryError'{0x0000000087cb5260}> (0x0000000087cb5260) thrown at [./src/hotspot/share/prims/jvm.cpp, line 1310]
Event: 6.818 Thread 0x000001ba1a328800 Exception <a 'java/lang/OutOfMemoryError'{0x0000000087cb5260}> (0x0000000087cb5260) thrown at [./src/hotspot/share/prims/jvm.cpp, line 1310]
Event: 6.824 Thread 0x000001ba1a328800 Exception <a 'java/lang/NoSuchMethodError'{0x0000000087cefe90}: 'long java.lang.invoke.DirectMethodHandle$Holder.invokeVirtual(java.lang.Object, java.lang.Object)'> (0x0000000087cefe90) thrown at [./src/hotspot/share/interpreter/linkResolver.cpp, line 773]
Event: 6.835 Thread 0x000001ba19626800 Exception <a 'java/lang/NoSuchMethodError'{0x0000000087d669b0}: <clinit>> (0x0000000087d669b0) thrown at [./src/hotspot/share/prims/jni.cpp, line 1362]
Event: 6.836 Thread 0x000001ba19626800 Exception <a 'java/lang/NoSuchMethodError'{0x0000000087a9fbf8}: <clinit>> (0x0000000087a9fbf8) thrown at [./src/hotspot/share/prims/jni.cpp, line 1362]
Event: 6.836 Thread 0x000001ba19626800 Exception <a 'java/lang/NoSuchMethodError'{0x0000000087aa0e58}: <clinit>> (0x0000000087aa0e58) thrown at [./src/hotspot/share/prims/jni.cpp, line 1362]
Event: 6.836 Thread 0x000001ba19626800 Exception <a 'java/lang/NoSuchMethodError'{0x0000000087aa2160}: <clinit>> (0x0000000087aa2160) thrown at [./src/hotspot/share/prims/jni.cpp, line 1362]
Event: 6.836 Thread 0x000001ba19626800 Exception <a 'java/lang/NoSuchMethodError'{0x0000000087aa3180}: <clinit>> (0x0000000087aa3180) thrown at [./src/hotspot/share/prims/jni.cpp, line 1362]
Event: 6.837 Thread 0x000001ba19626800 Exception <a 'java/lang/NoSuchMethodError'{0x0000000087aacf70}: <clinit>> (0x0000000087aacf70) thrown at [./src/hotspot/share/prims/jni.cpp, line 1362]
Event: 6.837 Thread 0x000001ba19626800 Exception <a 'java/lang/NoSuchMethodError'{0x0000000087ab75c8}: <clinit>> (0x0000000087ab75c8) thrown at [./src/hotspot/share/prims/jni.cpp, line 1362]
Event: 6.842 Thread 0x000001ba19626800 Exception <a 'java/lang/NoSuchMethodError'{0x0000000087acb410}: <clinit>> (0x0000000087acb410) thrown at [./src/hotspot/share/prims/jni.cpp, line 1362]
Event: 6.844 Thread 0x000001ba19626800 Exception <a 'java/lang/NoSuchMethodError'{0x0000000087ae5fa0}: <clinit>> (0x0000000087ae5fa0) thrown at [./src/hotspot/share/prims/jni.cpp, line 1362]

Events (20 events):
Event: 6.830 loading class java/lang/Throwable$WrappedPrintWriter done
Event: 6.830 loading class java/lang/StackTraceElement$HashedModules
Event: 6.830 loading class java/lang/StackTraceElement$HashedModules done
Event: 6.834 loading class org/gradle/internal/build/event/types/DefaultOperationFinishedProgressEvent
Event: 6.834 loading class org/gradle/internal/build/event/types/DefaultOperationFinishedProgressEvent done
Event: 6.834 loading class org/gradle/api/tasks/TaskExecutionException
Event: 6.834 loading class org/gradle/api/tasks/TaskExecutionException done
Event: 6.837 loading class java/time/Ser
Event: 6.841 loading class java/time/Ser done
Event: 6.841 loading class org/gradle/internal/exceptions/Contextual
Event: 6.841 loading class org/gradle/internal/exceptions/Contextual done
Event: 6.842 loading class org/gradle/internal/exceptions/ContextAwareException$1
Event: 6.842 loading class org/gradle/internal/exceptions/ContextAwareException$1 done
Event: 6.842 loading class org/codehaus/groovy/runtime/StackTraceUtils
Event: 6.842 loading class org/codehaus/groovy/runtime/StackTraceUtils done
Event: 6.844 loading class org/apache/groovy/util/SystemUtil
Event: 6.844 loading class org/apache/groovy/util/SystemUtil done
Event: 6.845 loading class java/util/logging/LogRecord
Event: 6.846 loading class java/util/logging/LogRecord done
Event: 6.846 Executing VM operation: CollectForMetadataAllocation


Dynamic libraries:
0x00007ff7aa5f0000 - 0x00007ff7aa5fa000 	C:\Program Files\Android\Android Studio\jre\bin\java.exe
0x00007ff867eb0000 - 0x00007ff8680a5000 	C:\WINDOWS\SYSTEM32\ntdll.dll
0x00007ff866160000 - 0x00007ff86621d000 	C:\WINDOWS\System32\KERNEL32.DLL
0x00007ff865b80000 - 0x00007ff865e49000 	C:\WINDOWS\System32\KERNELBASE.dll
0x00007ff865810000 - 0x00007ff865910000 	C:\WINDOWS\System32\ucrtbase.dll
0x00007ff85c280000 - 0x00007ff85c299000 	C:\Program Files\Android\Android Studio\jre\bin\jli.dll
0x00007ff85ca30000 - 0x00007ff85ca47000 	C:\Program Files\Android\Android Studio\jre\bin\VCRUNTIME140.dll
0x00007ff8664d0000 - 0x00007ff866670000 	C:\WINDOWS\System32\USER32.dll
0x00007ff865790000 - 0x00007ff8657b2000 	C:\WINDOWS\System32\win32u.dll
0x00007ff867e40000 - 0x00007ff867e6a000 	C:\WINDOWS\System32\GDI32.dll
0x00007ff849890000 - 0x00007ff849b2a000 	C:\WINDOWS\WinSxS\amd64_microsoft.windows.common-controls_6595b64144ccf1df_6.0.19041.1110_none_60b5254171f9507e\COMCTL32.dll
0x00007ff865680000 - 0x00007ff86578b000 	C:\WINDOWS\System32\gdi32full.dll
0x00007ff8660a0000 - 0x00007ff86613e000 	C:\WINDOWS\System32\msvcrt.dll
0x00007ff865e50000 - 0x00007ff865eed000 	C:\WINDOWS\System32\msvcp_win.dll
0x00007ff8673d0000 - 0x00007ff867400000 	C:\WINDOWS\System32\IMM32.DLL
0x00007ff830980000 - 0x00007ff830a1d000 	C:\Program Files\Android\Android Studio\jre\bin\msvcp140.dll
0x00007ff8109e0000 - 0x00007ff8114af000 	C:\Program Files\Android\Android Studio\jre\bin\server\jvm.dll
0x00007ff867b40000 - 0x00007ff867bec000 	C:\WINDOWS\System32\ADVAPI32.dll
0x00007ff8663c0000 - 0x00007ff86645b000 	C:\WINDOWS\System32\sechost.dll
0x00007ff8672a0000 - 0x00007ff8673ca000 	C:\WINDOWS\System32\RPCRT4.dll
0x00007ff8664c0000 - 0x00007ff8664c8000 	C:\WINDOWS\System32\PSAPI.DLL
0x00007ff85f880000 - 0x00007ff85f88a000 	C:\WINDOWS\SYSTEM32\VERSION.dll
0x00007ff85a260000 - 0x00007ff85a269000 	C:\WINDOWS\SYSTEM32\WSOCK32.dll
0x00007ff846b40000 - 0x00007ff846b67000 	C:\WINDOWS\SYSTEM32\WINMM.dll
0x00007ff866ca0000 - 0x00007ff866d0b000 	C:\WINDOWS\System32\WS2_32.dll
0x00007ff863f00000 - 0x00007ff863f12000 	C:\WINDOWS\SYSTEM32\kernel.appcore.dll
0x00007ff845660000 - 0x00007ff845671000 	C:\Program Files\Android\Android Studio\jre\bin\verify.dll
0x00007ff863a20000 - 0x00007ff863c04000 	C:\WINDOWS\SYSTEM32\DBGHELP.DLL
0x00007ff85dc30000 - 0x00007ff85dc5c000 	C:\WINDOWS\SYSTEM32\dbgcore.DLL
0x00007ff8655f0000 - 0x00007ff865673000 	C:\WINDOWS\System32\bcryptPrimitives.dll
0x00007ff83a940000 - 0x00007ff83a969000 	C:\Program Files\Android\Android Studio\jre\bin\java.dll
0x00007ff854630000 - 0x00007ff85463b000 	C:\Program Files\Android\Android Studio\jre\bin\jimage.dll
0x00007ff83ffa0000 - 0x00007ff83ffb8000 	C:\Program Files\Android\Android Studio\jre\bin\zip.dll
0x00007ff867400000 - 0x00007ff867b3f000 	C:\WINDOWS\System32\SHELL32.dll
0x00007ff862920000 - 0x00007ff8630b1000 	C:\WINDOWS\SYSTEM32\windows.storage.dll
0x00007ff866d10000 - 0x00007ff867065000 	C:\WINDOWS\System32\combase.dll
0x00007ff865060000 - 0x00007ff86508c000 	C:\WINDOWS\SYSTEM32\Wldp.dll
0x00007ff8670d0000 - 0x00007ff86717e000 	C:\WINDOWS\System32\SHCORE.dll
0x00007ff867070000 - 0x00007ff8670c5000 	C:\WINDOWS\System32\shlwapi.dll
0x00007ff865530000 - 0x00007ff86554f000 	C:\WINDOWS\SYSTEM32\profapi.dll
0x00007ff83feb0000 - 0x00007ff83feca000 	C:\Program Files\Android\Android Studio\jre\bin\net.dll
0x00007ff85ba00000 - 0x00007ff85bb0a000 	C:\WINDOWS\SYSTEM32\WINHTTP.dll
0x00007ff864dc0000 - 0x00007ff864e2a000 	C:\WINDOWS\system32\mswsock.dll
0x00007ff83fac0000 - 0x00007ff83fad4000 	C:\Program Files\Android\Android Studio\jre\bin\nio.dll
0x00007ff855730000 - 0x00007ff855757000 	C:\Users\Amodh\.gradle\native\fdc75f09e3144964f2cf3f50f0aa648679c211496f362492102eb8c894070792\windows-amd64\native-platform.dll
0x00007ff807f20000 - 0x00007ff8080b6000 	C:\Users\Amodh\.gradle\native\12488b8bf47d2d4c9fbf2f6322a914ad602e24e48041cd04a747c6da556b65c4\windows-amd64\native-platform-file-events.dll
0x00007ff8540d0000 - 0x00007ff8540da000 	C:\Program Files\Android\Android Studio\jre\bin\management.dll
0x00007ff853f20000 - 0x00007ff853f2c000 	C:\Program Files\Android\Android Studio\jre\bin\management_ext.dll
0x00007ff864fa0000 - 0x00007ff864fb8000 	C:\WINDOWS\SYSTEM32\CRYPTSP.dll
0x00007ff8646f0000 - 0x00007ff864724000 	C:\WINDOWS\system32\rsaenh.dll
0x00007ff865ef0000 - 0x00007ff865f17000 	C:\WINDOWS\System32\bcrypt.dll
0x00007ff8654f0000 - 0x00007ff86551e000 	C:\WINDOWS\SYSTEM32\USERENV.dll
0x00007ff864fc0000 - 0x00007ff864fcc000 	C:\WINDOWS\SYSTEM32\CRYPTBASE.dll
0x00007ff864a60000 - 0x00007ff864a9b000 	C:\WINDOWS\SYSTEM32\IPHLPAPI.DLL
0x00007ff867e20000 - 0x00007ff867e28000 	C:\WINDOWS\System32\NSI.dll
0x00007ff85dce0000 - 0x00007ff85dcf7000 	C:\WINDOWS\SYSTEM32\dhcpcsvc6.DLL
0x00007ff85dc80000 - 0x00007ff85dc9d000 	C:\WINDOWS\SYSTEM32\dhcpcsvc.DLL
0x00007ff864ab0000 - 0x00007ff864b7c000 	C:\WINDOWS\SYSTEM32\DNSAPI.dll
0x00007ff85e5e0000 - 0x00007ff85e5eb000 	C:\WINDOWS\SYSTEM32\WINNSI.DLL

dbghelp: loaded successfully - version: 4.0.5 - missing functions: none
symbol engine: initialized successfully - sym options: 0x614 - pdb path: .;C:\Program Files\Android\Android Studio\jre\bin;C:\WINDOWS\SYSTEM32;C:\WINDOWS\WinSxS\amd64_microsoft.windows.common-controls_6595b64144ccf1df_6.0.19041.1110_none_60b5254171f9507e;C:\Program Files\Android\Android Studio\jre\bin\server;C:\Users\Amodh\.gradle\native\fdc75f09e3144964f2cf3f50f0aa648679c211496f362492102eb8c894070792\windows-amd64;C:\Users\Amodh\.gradle\native\12488b8bf47d2d4c9fbf2f6322a914ad602e24e48041cd04a747c6da556b65c4\windows-amd64

VM Arguments:
jvm_args: --add-opens=java.base/java.util=ALL-UNNAMED --add-opens=java.base/java.lang=ALL-UNNAMED --add-opens=java.base/java.lang.invoke=ALL-UNNAMED --add-opens=java.prefs/java.util.prefs=ALL-UNNAMED -Xmx2048m -Dfile.encoding=UTF-8 -Duser.country=IN -Duser.language=en -Duser.variant 
java_command: org.gradle.launcher.daemon.bootstrap.GradleDaemon 6.7.1
java_class_path (initial): C:\Users\Amodh\.gradle\wrapper\dists\gradle-6.7.1-bin\bwlcbys1h7rz3272sye1xwiv6\gradle-6.7.1\lib\gradle-launcher-6.7.1.jar
Launcher Type: SUN_STANDARD

[Global flags]
     intx CICompilerCount                          = 4                                         {product} {ergonomic}
     uint ConcGCThreads                            = 2                                         {product} {ergonomic}
     uint G1ConcRefinementThreads                  = 8                                         {product} {ergonomic}
   size_t G1HeapRegionSize                         = 1048576                                   {product} {ergonomic}
    uintx GCDrainStackTargetSize                   = 64                                        {product} {ergonomic}
   size_t InitialHeapSize                          = 132120576                                 {product} {ergonomic}
   size_t MarkStackSize                            = 4194304                                   {product} {ergonomic}
   size_t MaxHeapSize                              = 2147483648                                {product} {command line}
   size_t MaxNewSize                               = 1287651328                                {product} {ergonomic}
   size_t MinHeapDeltaBytes                        = 1048576                                   {product} {ergonomic}
    uintx NonNMethodCodeHeapSize                   = 5836300                                {pd product} {ergonomic}
    uintx NonProfiledCodeHeapSize                  = 122910970                              {pd product} {ergonomic}
    uintx ProfiledCodeHeapSize                     = 122910970                              {pd product} {ergonomic}
    uintx ReservedCodeCacheSize                    = 251658240                              {pd product} {ergonomic}
     bool SegmentedCodeCache                       = true                                      {product} {ergonomic}
     bool UseCompressedClassPointers               = true                                 {lp64_product} {ergonomic}
     bool UseCompressedOops                        = true                                 {lp64_product} {ergonomic}
     bool UseG1GC                                  = true                                      {product} {ergonomic}
     bool UseLargePagesIndividualAllocation        = false                                  {pd product} {ergonomic}

Logging:
Log output configuration:
 #0: stdout all=warning uptime,level,tags
 #1: stderr all=off uptime,level,tags

Environment Variables:
JAVA_HOME=C:\Program Files\Java\jdk-16.0.1
PATH=C:\Program Files\AdoptOpenJDK\jdk-15.0.0.36-hotspot\bin;C:\Windows\system32;C:\Windows;C:\Windows\System32\Wbem;C:\Windows\System32\WindowsPowerShell\v1.0\;C:\Windows\System32\OpenSSH\;C:\Program Files\NVIDIA Corporation\NVIDIA NvDLISR;C:\MinGW\bin;C:\WINDOWS\system32;C:\WINDOWS;C:\WINDOWS\System32\Wbem;C:\WINDOWS\System32\WindowsPowerShell\v1.0\;C:\WINDOWS\System32\OpenSSH\;C:\Program Files\TortoiseSVN\bin;C:\Program Files\Git\cmd;C:\Users\Amodh\AppData\Local\Microsoft\WindowsApps;C:\Users\Amodh\AppData\Local\Packages\PythonSoftwareFoundation.Python.3.7_qbz5n2kfra8p0\LocalCache\local-packages\Python37\Scripts\get-pip.py;;C:\Users\Amodh\AppData\Local\Programs\Microsoft VS Code\bin
USERNAME=Amodh
OS=Windows_NT
PROCESSOR_IDENTIFIER=Intel64 Family 6 Model 126 Stepping 5, GenuineIntel



---------------  S Y S T E M  ---------------

OS: Windows 10 , 64 bit Build 19041 (10.0.19041.1023)
OS uptime: 13 days 16:58 hours

CPU:total 8 (initial active 8) (4 cores per cpu, 2 threads per core) family 6 model 126 stepping 5 microcode 0xa0, cmov, cx8, fxsr, mmx, sse, sse2, sse3, ssse3, sse4.1, sse4.2, popcnt, avx, avx2, aes, clmul, erms, 3dnowpref, lzcnt, ht, tsc, tscinvbit, bmi1, bmi2, adx, evex, sha, fma

Memory: 4k page, system-wide physical 7959M (80M free)
TotalPageFile size 11739M (AvailPageFile size 0M)
current process WorkingSet (physical memory assigned to process): 276M, peak: 276M
current process commit charge ("private bytes"): 326M, peak: 351M

vm_info: OpenJDK 64-Bit Server VM (11.0.10+0-b96-7249189) for windows-amd64 JRE (11.0.10+0-b96-7249189), built on Mar 31 2021 21:44:00 by "builder" with MS VC++ 14.0 (VS2015)

END.
